#
# A fatal error has been detected by the Java Runtime Environment:
#
#  SIGSEGV (0xb) at pc=0x00007f655816ab05, pid=32134, tid=32298
#
# JRE version: Java(TM) SE Runtime Environment (11.0.4+10) (build 11.0.4+10-LTS)
# Java VM: Java HotSpot(TM) 64-Bit Server VM (11.0.4+10-LTS, mixed mode, tiered, compressed oops, g1 gc, linux-amd64)
# Problematic frame:
# V  [libjvm.so+0x7b4b05]  G1ParScanThreadState::copy_to_survivor_space(InCSetState, oopDesc*, markOopDesc*)+0x35
#
# Core dump will be written. Default location: Core dumps may be processed with "/lib/systemd/systemd-coredump %P %u %g %s %t 9223372036854775808 %e" (or dumping to /home/simon/Bureau/Camunda Summit/spring.boot.camunda/core.32134)
#
# If you would like to submit a bug report, please visit:
#   http://bugreport.java.com/bugreport/crash.jsp
#

---------------  S U M M A R Y ------------

Command Line: -javaagent:/home/simon/dev/idea-IC-193.6015.39/lib/idea_rt.jar=36343:/home/simon/dev/idea-IC-193.6015.39/bin -Dfile.encoding=UTF-8 com.foo.spring.boot.camunda.SpringBootCamundaApplication

Host: Intel(R) Core(TM) i7 CPU       Q 720  @ 1.60GHz, 8 cores, 15G, Linux Mint 19.2 Tina
Time: Thu Apr 22 17:10:22 2021 WAT elapsed time: 78 seconds (0d 0h 1m 18s)

---------------  T H R E A D  ---------------

Current thread (0x00007f6518026000):  GCTaskThread "GC Thread#7" [stack: 0x00007f64e0bac000,0x00007f64e0cac000] [id=32298]

Stack: [0x00007f64e0bac000,0x00007f64e0cac000],  sp=0x00007f64e0caabd0,  free space=1018k
Native frames: (J=compiled Java code, A=aot compiled Java code, j=interpreted, Vv=VM code, C=native code)
V  [libjvm.so+0x7b4b05]  G1ParScanThreadState::copy_to_survivor_space(InCSetState, oopDesc*, markOopDesc*)+0x35
V  [libjvm.so+0x7b5c18]  G1ParScanThreadState::trim_queue()+0x8e8
V  [libjvm.so+0x777280]  G1ParEvacuateFollowersClosure::do_void()+0x240
V  [libjvm.so+0x77fd6e]  G1ParTask::work(unsigned int)+0x16e
V  [libjvm.so+0xe549bd]  GangWorker::loop()+0x4d
V  [libjvm.so+0xc0a090]  thread_native_entry(Thread*)+0xf0


siginfo: si_signo: 11 (SIGSEGV), si_code: 2 (SEGV_ACCERR), si_addr: 0x000000082e6b636d

Register to memory mapping:

RAX=0x0000000000000001 is an unknown value
RBX=0x000000071526cdb8 is pointing into object: [B 
{0x000000071526cda8} - klass: {type array byte}
 - length: 33
RCX=0x0 is NULL
RDX=0x00007f6558dd4410: <offset 0x000000000141e410> in /usr/lib/jvm/jdk-11.0.4/lib/server/libjvm.so at 0x00007f65579b6000
RSP=0x00007f64e0caabd0 points into unknown readable memory: 40 ac ca e0 64 7f 00 00
RBP=0x00007f64e0caac50 points into unknown readable memory: d0 ac ca e0 64 7f 00 00
RSI=0x0000000000000001 is an unknown value
RDI=0x000000082e6b6365 is an unknown value
R8 =0x0000000000000003 is an unknown value
R9 =0x0 is NULL
R10=0x0 is NULL
R11=0x0000000000000003 is an unknown value
R12=0x00007f64a4000ba0 points into unknown readable memory: f0 21 d0 58 65 7f 00 00
R13=0x00007f6558dd4420: <offset 0x000000000141e420> in /usr/lib/jvm/jdk-11.0.4/lib/server/libjvm.so at 0x00007f65579b6000
R14=0x00007f64a4000ba0 points into unknown readable memory: f0 21 d0 58 65 7f 00 00
R15=0x0 is NULL


Registers:
RAX=0x0000000000000001, RBX=0x000000071526cdb8, RCX=0x0000000000000000, RDX=0x00007f6558dd4410
RSP=0x00007f64e0caabd0, RBP=0x00007f64e0caac50, RSI=0x0000000000000001, RDI=0x000000082e6b6365
R8 =0x0000000000000003, R9 =0x0000000000000000, R10=0x0000000000000000, R11=0x0000000000000003
R12=0x00007f64a4000ba0, R13=0x00007f6558dd4420, R14=0x00007f64a4000ba0, R15=0x0000000000000000
RIP=0x00007f655816ab05, EFLAGS=0x0000000000010206, CSGSFS=0x002b000000000033, ERR=0x0000000000000004
  TRAPNO=0x000000000000000e

Top of Stack: (sp=0x00007f64e0caabd0)
0x00007f64e0caabd0:   00007f64e0caac40 00007f655816d563
0x00007f64e0caabe0:   0000000000000001 00007f6500000000
0x00007f64e0caabf0:   000000000000000c 0000004f000000b4
0x00007f64e0caac00:   68436d7265707b24 000000070e8c7401 

Instructions: (pc=0x00007f655816ab05)
0x00007f655816aae5:   ec 58 48 8d 05 fe 61 c9 00 40 88 75 b8 48 89 4d
0x00007f655816aaf5:   b0 0f b6 00 84 c0 0f 85 7f 01 00 00 48 8b 7a 08
0x00007f655816ab05:   44 8b 6f 08 41 83 fd 00 0f 8e 4d 01 00 00 41 f6
0x00007f655816ab15:   c5 01 0f 85 49 01 00 00 41 c1 fd 03 49 8b 46 08 

Stack slot to memory mapping:
stack at sp + 0 slots: 0x00007f64e0caac40 points into unknown readable memory: 80 f2 03 50 65 7f 00 00
stack at sp + 1 slots: 0x00007f655816d563: <offset 0x00000000007b7563> in /usr/lib/jvm/jdk-11.0.4/lib/server/libjvm.so at 0x00007f65579b6000
stack at sp + 2 slots: 0x0000000000000001 is an unknown value
stack at sp + 3 slots: 0x00007f6500000000 points into unknown readable memory: 20 00 00 00 65 7f 00 00
stack at sp + 4 slots: 0x000000000000000c is an unknown value
stack at sp + 5 slots: 0x0000004f000000b4 is an unknown value
stack at sp + 6 slots: 0x68436d7265707b24 is an unknown value
stack at sp + 7 slots: 0x000000070e8c7401 is pointing into object: [B 
{0x000000070e8c73f8} - klass: {type array byte}
 - length: 9


---------------  P R O C E S S  ---------------

Threads class SMR info:
_java_thread_list=0x00007f64bc782a20, length=16, elements={
0x00007f6550015800, 0x00007f6550270000, 0x00007f6550274800, 0x00007f6550287000,
0x00007f6550289000, 0x00007f655028b000, 0x00007f655028d000, 0x00007f65502f0800,
0x00007f65507ed800, 0x00007f65507ee800, 0x00007f6504001000, 0x00007f6551448000,
0x00007f65510a1000, 0x00007f65514c4800, 0x00007f65514c7000, 0x00007f65514c8800
}

Java Threads: ( => current thread )
  0x00007f6550015800 JavaThread "main" [_thread_blocked, id=32135, stack(0x00007f6559b8f000,0x00007f6559c90000)]
  0x00007f6550270000 JavaThread "Reference Handler" daemon [_thread_blocked, id=32142, stack(0x00007f65255fd000,0x00007f65256fe000)]
  0x00007f6550274800 JavaThread "Finalizer" daemon [_thread_blocked, id=32143, stack(0x00007f65254fc000,0x00007f65255fd000)]
  0x00007f6550287000 JavaThread "Signal Dispatcher" daemon [_thread_blocked, id=32144, stack(0x00007f652511c000,0x00007f652521d000)]
  0x00007f6550289000 JavaThread "C2 CompilerThread0" daemon [_thread_blocked, id=32145, stack(0x00007f652501b000,0x00007f652511c000)]
  0x00007f655028b000 JavaThread "C1 CompilerThread0" daemon [_thread_blocked, id=32146, stack(0x00007f6524f1a000,0x00007f652501b000)]
  0x00007f655028d000 JavaThread "Sweeper thread" daemon [_thread_blocked, id=32147, stack(0x00007f6524e19000,0x00007f6524f1a000)]
  0x00007f65502f0800 JavaThread "Common-Cleaner" daemon [_thread_blocked, id=32156, stack(0x00007f6524d18000,0x00007f6524e19000)]
  0x00007f65507ed800 JavaThread "Monitor Ctrl-Break" daemon [_thread_in_native, id=32182, stack(0x00007f65247ee000,0x00007f65248ef000)]
  0x00007f65507ee800 JavaThread "Service Thread" daemon [_thread_blocked, id=32183, stack(0x00007f65246ed000,0x00007f65247ee000)]
  0x00007f6504001000 JavaThread "Attach Listener" daemon [_thread_blocked, id=32185, stack(0x00007f65242e7000,0x00007f65243e8000)]
  0x00007f6551448000 JavaThread "HikariPool-1 housekeeper" daemon [_thread_blocked, id=32276, stack(0x00007f65241e6000,0x00007f65242e7000)]
  0x00007f65510a1000 JavaThread "FetchAndLockHandlerImpl" [_thread_blocked, id=32284, stack(0x00007f64e12b1000,0x00007f64e13b2000)]
  0x00007f65514c4800 JavaThread "Catalina-utility-1" [_thread_blocked, id=32285, stack(0x00007f64e11b0000,0x00007f64e12b1000)]
  0x00007f65514c7000 JavaThread "Catalina-utility-2" [_thread_blocked, id=32286, stack(0x00007f64e10af000,0x00007f64e11b0000)]
  0x00007f65514c8800 JavaThread "container-0" [_thread_blocked, id=32287, stack(0x00007f64e0fae000,0x00007f64e10af000)]

Other Threads:
  0x00007f6550268000 VMThread "VM Thread" [stack: 0x00007f6525700000,0x00007f6525800000] [id=32141]
  0x00007f65507ef800 WatcherThread [stack: 0x00007f65245ed000,0x00007f65246ed000] [id=32184]
  0x00007f655003d800 GCTaskThread "GC Thread#0" [stack: 0x00007f6555e8d000,0x00007f6555f8d000] [id=32136]
  0x00007f6518001000 GCTaskThread "GC Thread#1" [stack: 0x00007f64e3d00000,0x00007f64e3e00000] [id=32192]
  0x00007f6518002000 GCTaskThread "GC Thread#2" [stack: 0x00007f64e3bfe000,0x00007f64e3cfe000] [id=32193]
  0x00007f6518003000 GCTaskThread "GC Thread#3" [stack: 0x00007f64e3afc000,0x00007f64e3bfc000] [id=32194]
  0x00007f6518004800 GCTaskThread "GC Thread#4" [stack: 0x00007f64e39fa000,0x00007f64e3afa000] [id=32195]
  0x00007f6518006000 GCTaskThread "GC Thread#5" [stack: 0x00007f64e38f8000,0x00007f64e39f8000] [id=32196]
  0x00007f6518025000 GCTaskThread "GC Thread#6" [stack: 0x00007f64e0cae000,0x00007f64e0dae000] [id=32297]
=>0x00007f6518026000 GCTaskThread "GC Thread#7" [stack: 0x00007f64e0bac000,0x00007f64e0cac000] [id=32298]
  0x00007f655009b800 ConcurrentGCThread "G1 Main Marker" [stack: 0x00007f65544e7000,0x00007f65545e7000] [id=32137]
  0x00007f655009d800 ConcurrentGCThread "G1 Conc#0" [stack: 0x00007f65543e5000,0x00007f65544e5000] [id=32138]
  0x00007f6528001000 ConcurrentGCThread "G1 Conc#1" [stack: 0x00007f64e29eb000,0x00007f64e2aeb000] [id=32222]
  0x00007f655019d000 ConcurrentGCThread "G1 Refine#0" [stack: 0x00007f652c12f000,0x00007f652c22f000] [id=32139]
  0x00007f655019f000 ConcurrentGCThread "G1 Young RemSet Sampling" [stack: 0x00007f652c02d000,0x00007f652c12d000] [id=32140]

Threads with active compile tasks:

VM state:at safepoint (normal execution)

VM Mutex/Monitor currently owned by a thread:  ([mutex/lock_event])
[0x00007f6550011790] Threads_lock - owner thread: 0x00007f6550268000
[0x00007f6550011ee0] Heap_lock - owner thread: 0x00007f6550015800

Heap address: 0x0000000706600000, size: 3994 MB, Compressed Oops mode: Zero based, Oop shift amount: 3
Narrow klass base: 0x0000000800000000, Narrow klass shift: 0
Compressed class space size: 1073741824 Address: 0x0000000800000000

Heap:
 garbage-first heap   total 307200K, used 196534K [0x0000000706600000, 0x0000000800000000)
  region size 1024K, 184 young (188416K), 18 survivors (18432K)
 Metaspace       used 59256K, capacity 60429K, committed 60800K, reserved 1101824K
  class space    used 7152K, capacity 7612K, committed 7680K, reserved 1048576K
Heap Regions: E=young(eden), S=young(survivor), O=old, HS=humongous(starts), HC=humongous(continues), CS=collection set, F=free, A=archive, TAMS=top-at-mark-start (previous, next)
|   0|0x0000000706600000, 0x0000000706700000, 0x0000000706700000|100%| O|  |TAMS 0x0000000706700000, 0x0000000706600000| Untracked 
|   1|0x0000000706700000, 0x0000000706800000, 0x0000000706800000|100%| O|  |TAMS 0x0000000706800000, 0x0000000706700000| Untracked 
|   2|0x0000000706800000, 0x0000000706900000, 0x0000000706900000|100%| O|  |TAMS 0x0000000706900000, 0x0000000706800000| Untracked 
|   3|0x0000000706900000, 0x0000000706a00000, 0x0000000706a00000|100%| O|  |TAMS 0x0000000706a00000, 0x0000000706900000| Untracked 
|   4|0x0000000706a00000, 0x0000000706b00000, 0x0000000706b00000|100%| O|  |TAMS 0x0000000706b00000, 0x0000000706a00000| Untracked 
|   5|0x0000000706b00000, 0x0000000706c00000, 0x0000000706c00000|100%| O|  |TAMS 0x0000000706c00000, 0x0000000706b00000| Untracked 
|   6|0x0000000706c00000, 0x0000000706d00000, 0x0000000706d00000|100%| O|  |TAMS 0x0000000706d00000, 0x0000000706c00000| Untracked 
|   7|0x0000000706d00000, 0x0000000706e00000, 0x0000000706e00000|100%| O|  |TAMS 0x0000000706e00000, 0x0000000706d00000| Untracked 
|   8|0x0000000706e00000, 0x0000000706f00000, 0x0000000706f00000|100%| O|  |TAMS 0x0000000706f00000, 0x0000000706e00000| Untracked 
|   9|0x0000000706f00000, 0x0000000707000000, 0x0000000707000000|100%| O|  |TAMS 0x0000000707000000, 0x0000000706f00000| Untracked 
|  10|0x0000000707000000, 0x0000000707100000, 0x0000000707100000|100%| O|  |TAMS 0x0000000707100000, 0x0000000707000000| Untracked 
|  11|0x0000000707100000, 0x0000000707200000, 0x0000000707200000|100%| O|  |TAMS 0x0000000707200000, 0x0000000707100000| Untracked 
|  12|0x0000000707200000, 0x0000000707300000, 0x0000000707300000|100%| O|  |TAMS 0x0000000707238e00, 0x0000000707200000| Untracked 
|  13|0x0000000707300000, 0x0000000707400000, 0x0000000707400000|100%| O|  |TAMS 0x0000000707300000, 0x0000000707300000| Untracked 
|  14|0x0000000707400000, 0x0000000707500000, 0x0000000707500000|100%| O|  |TAMS 0x0000000707400000, 0x0000000707400000| Untracked 
|  15|0x0000000707500000, 0x0000000707600000, 0x0000000707600000|100%| O|  |TAMS 0x0000000707500000, 0x0000000707500000| Untracked 
|  16|0x0000000707600000, 0x0000000707700000, 0x0000000707700000|100%| O|  |TAMS 0x0000000707600000, 0x0000000707600000| Untracked 
|  17|0x0000000707700000, 0x00000007077af478, 0x0000000707800000| 68%| O|  |TAMS 0x0000000707700000, 0x0000000707700000| Untracked 
|  18|0x0000000707800000, 0x0000000707800000, 0x0000000707900000|  0%| F|  |TAMS 0x0000000707800000, 0x0000000707800000| Untracked 
|  19|0x0000000707900000, 0x0000000707900000, 0x0000000707a00000|  0%| F|  |TAMS 0x0000000707900000, 0x0000000707900000| Untracked 
|  20|0x0000000707a00000, 0x0000000707a00000, 0x0000000707b00000|  0%| F|  |TAMS 0x0000000707a00000, 0x0000000707a00000| Untracked 
|  21|0x0000000707b00000, 0x0000000707b00000, 0x0000000707c00000|  0%| F|  |TAMS 0x0000000707b00000, 0x0000000707b00000| Untracked 
|  22|0x0000000707c00000, 0x0000000707c00000, 0x0000000707d00000|  0%| F|  |TAMS 0x0000000707c00000, 0x0000000707c00000| Untracked 
|  23|0x0000000707d00000, 0x0000000707d00000, 0x0000000707e00000|  0%| F|  |TAMS 0x0000000707d00000, 0x0000000707d00000| Untracked 
|  24|0x0000000707e00000, 0x0000000707e00000, 0x0000000707f00000|  0%| F|  |TAMS 0x0000000707e00000, 0x0000000707e00000| Untracked 
|  25|0x0000000707f00000, 0x0000000707f00000, 0x0000000708000000|  0%| F|  |TAMS 0x0000000707f00000, 0x0000000707f00000| Untracked 
|  26|0x0000000708000000, 0x0000000708000000, 0x0000000708100000|  0%| F|  |TAMS 0x0000000708000000, 0x0000000708000000| Untracked 
|  27|0x0000000708100000, 0x0000000708100000, 0x0000000708200000|  0%| F|  |TAMS 0x0000000708100000, 0x0000000708100000| Untracked 
|  28|0x0000000708200000, 0x0000000708200000, 0x0000000708300000|  0%| F|  |TAMS 0x0000000708200000, 0x0000000708200000| Untracked 
|  29|0x0000000708300000, 0x0000000708300000, 0x0000000708400000|  0%| F|  |TAMS 0x0000000708300000, 0x0000000708300000| Untracked 
|  30|0x0000000708400000, 0x0000000708400000, 0x0000000708500000|  0%| F|  |TAMS 0x0000000708400000, 0x0000000708400000| Untracked 
|  31|0x0000000708500000, 0x0000000708500000, 0x0000000708600000|  0%| F|  |TAMS 0x0000000708500000, 0x0000000708500000| Untracked 
|  32|0x0000000708600000, 0x0000000708600000, 0x0000000708700000|  0%| F|  |TAMS 0x0000000708600000, 0x0000000708600000| Untracked 
|  33|0x0000000708700000, 0x0000000708700000, 0x0000000708800000|  0%| F|  |TAMS 0x0000000708700000, 0x0000000708700000| Untracked 
|  34|0x0000000708800000, 0x0000000708800000, 0x0000000708900000|  0%| F|  |TAMS 0x0000000708800000, 0x0000000708800000| Untracked 
|  35|0x0000000708900000, 0x0000000708900000, 0x0000000708a00000|  0%| F|  |TAMS 0x0000000708900000, 0x0000000708900000| Untracked 
|  36|0x0000000708a00000, 0x0000000708a00000, 0x0000000708b00000|  0%| F|  |TAMS 0x0000000708a00000, 0x0000000708a00000| Untracked 
|  37|0x0000000708b00000, 0x0000000708b00000, 0x0000000708c00000|  0%| F|  |TAMS 0x0000000708b00000, 0x0000000708b00000| Untracked 
|  38|0x0000000708c00000, 0x0000000708c00000, 0x0000000708d00000|  0%| F|  |TAMS 0x0000000708c00000, 0x0000000708c00000| Untracked 
|  39|0x0000000708d00000, 0x0000000708d00000, 0x0000000708e00000|  0%| F|  |TAMS 0x0000000708d00000, 0x0000000708d00000| Untracked 
|  40|0x0000000708e00000, 0x0000000708e00000, 0x0000000708f00000|  0%| F|  |TAMS 0x0000000708e00000, 0x0000000708e00000| Untracked 
|  41|0x0000000708f00000, 0x0000000708f00000, 0x0000000709000000|  0%| F|  |TAMS 0x0000000708f00000, 0x0000000708f00000| Untracked 
|  42|0x0000000709000000, 0x0000000709000000, 0x0000000709100000|  0%| F|  |TAMS 0x0000000709000000, 0x0000000709000000| Untracked 
|  43|0x0000000709100000, 0x0000000709100000, 0x0000000709200000|  0%| F|  |TAMS 0x0000000709100000, 0x0000000709100000| Untracked 
|  44|0x0000000709200000, 0x0000000709200000, 0x0000000709300000|  0%| F|  |TAMS 0x0000000709200000, 0x0000000709200000| Untracked 
|  45|0x0000000709300000, 0x0000000709300000, 0x0000000709400000|  0%| F|  |TAMS 0x0000000709300000, 0x0000000709300000| Untracked 
|  46|0x0000000709400000, 0x0000000709400000, 0x0000000709500000|  0%| F|  |TAMS 0x0000000709400000, 0x0000000709400000| Untracked 
|  47|0x0000000709500000, 0x0000000709500000, 0x0000000709600000|  0%| F|  |TAMS 0x0000000709500000, 0x0000000709500000| Untracked 
|  48|0x0000000709600000, 0x0000000709600000, 0x0000000709700000|  0%| F|  |TAMS 0x0000000709600000, 0x0000000709600000| Untracked 
|  49|0x0000000709700000, 0x0000000709700000, 0x0000000709800000|  0%| F|  |TAMS 0x0000000709700000, 0x0000000709700000| Untracked 
|  50|0x0000000709800000, 0x0000000709800000, 0x0000000709900000|  0%| F|  |TAMS 0x0000000709800000, 0x0000000709800000| Untracked 
|  51|0x0000000709900000, 0x0000000709900000, 0x0000000709a00000|  0%| F|  |TAMS 0x0000000709900000, 0x0000000709900000| Untracked 
|  52|0x0000000709a00000, 0x0000000709a00000, 0x0000000709b00000|  0%| F|  |TAMS 0x0000000709a00000, 0x0000000709a00000| Untracked 
|  53|0x0000000709b00000, 0x0000000709b00000, 0x0000000709c00000|  0%| F|  |TAMS 0x0000000709b00000, 0x0000000709b00000| Untracked 
|  54|0x0000000709c00000, 0x0000000709c00000, 0x0000000709d00000|  0%| F|  |TAMS 0x0000000709c00000, 0x0000000709c00000| Untracked 
|  55|0x0000000709d00000, 0x0000000709d00000, 0x0000000709e00000|  0%| F|  |TAMS 0x0000000709d00000, 0x0000000709d00000| Untracked 
|  56|0x0000000709e00000, 0x0000000709e00000, 0x0000000709f00000|  0%| F|  |TAMS 0x0000000709e00000, 0x0000000709e00000| Untracked 
|  57|0x0000000709f00000, 0x0000000709f00000, 0x000000070a000000|  0%| F|  |TAMS 0x0000000709f00000, 0x0000000709f00000| Untracked 
|  58|0x000000070a000000, 0x000000070a000000, 0x000000070a100000|  0%| F|  |TAMS 0x000000070a000000, 0x000000070a000000| Untracked 
|  59|0x000000070a100000, 0x000000070a100000, 0x000000070a200000|  0%| F|  |TAMS 0x000000070a100000, 0x000000070a100000| Untracked 
|  60|0x000000070a200000, 0x000000070a200000, 0x000000070a300000|  0%| F|  |TAMS 0x000000070a200000, 0x000000070a200000| Untracked 
|  61|0x000000070a300000, 0x000000070a300000, 0x000000070a400000|  0%| F|  |TAMS 0x000000070a300000, 0x000000070a300000| Untracked 
|  62|0x000000070a400000, 0x000000070a400000, 0x000000070a500000|  0%| F|  |TAMS 0x000000070a400000, 0x000000070a400000| Untracked 
|  63|0x000000070a500000, 0x000000070a500000, 0x000000070a600000|  0%| F|  |TAMS 0x000000070a500000, 0x000000070a500000| Untracked 
|  64|0x000000070a600000, 0x000000070a600000, 0x000000070a700000|  0%| F|  |TAMS 0x000000070a600000, 0x000000070a600000| Untracked 
|  65|0x000000070a700000, 0x000000070a700000, 0x000000070a800000|  0%| F|  |TAMS 0x000000070a700000, 0x000000070a700000| Untracked 
|  66|0x000000070a800000, 0x000000070a800000, 0x000000070a900000|  0%| F|  |TAMS 0x000000070a800000, 0x000000070a800000| Untracked 
|  67|0x000000070a900000, 0x000000070a900000, 0x000000070aa00000|  0%| F|  |TAMS 0x000000070a900000, 0x000000070a900000| Untracked 
|  68|0x000000070aa00000, 0x000000070aa00000, 0x000000070ab00000|  0%| F|  |TAMS 0x000000070aa00000, 0x000000070aa00000| Untracked 
|  69|0x000000070ab00000, 0x000000070ab00000, 0x000000070ac00000|  0%| F|  |TAMS 0x000000070ab00000, 0x000000070ab00000| Untracked 
|  70|0x000000070ac00000, 0x000000070ac00000, 0x000000070ad00000|  0%| F|  |TAMS 0x000000070ac00000, 0x000000070ac00000| Untracked 
|  71|0x000000070ad00000, 0x000000070ad00000, 0x000000070ae00000|  0%| F|  |TAMS 0x000000070ad00000, 0x000000070ad00000| Untracked 
|  72|0x000000070ae00000, 0x000000070ae00000, 0x000000070af00000|  0%| F|  |TAMS 0x000000070ae00000, 0x000000070ae00000| Untracked 
|  73|0x000000070af00000, 0x000000070af00000, 0x000000070b000000|  0%| F|  |TAMS 0x000000070af00000, 0x000000070af00000| Untracked 
|  74|0x000000070b000000, 0x000000070b000000, 0x000000070b100000|  0%| F|  |TAMS 0x000000070b000000, 0x000000070b000000| Untracked 
|  75|0x000000070b100000, 0x000000070b100000, 0x000000070b200000|  0%| F|  |TAMS 0x000000070b100000, 0x000000070b100000| Untracked 
|  76|0x000000070b200000, 0x000000070b200000, 0x000000070b300000|  0%| F|  |TAMS 0x000000070b200000, 0x000000070b200000| Untracked 
|  77|0x000000070b300000, 0x000000070b300000, 0x000000070b400000|  0%| F|  |TAMS 0x000000070b300000, 0x000000070b300000| Untracked 
|  78|0x000000070b400000, 0x000000070b400000, 0x000000070b500000|  0%| F|  |TAMS 0x000000070b400000, 0x000000070b400000| Untracked 
|  79|0x000000070b500000, 0x000000070b500000, 0x000000070b600000|  0%| F|  |TAMS 0x000000070b500000, 0x000000070b500000| Untracked 
|  80|0x000000070b600000, 0x000000070b600000, 0x000000070b700000|  0%| F|  |TAMS 0x000000070b600000, 0x000000070b600000| Untracked 
|  81|0x000000070b700000, 0x000000070b700000, 0x000000070b800000|  0%| F|  |TAMS 0x000000070b700000, 0x000000070b700000| Untracked 
|  82|0x000000070b800000, 0x000000070b800000, 0x000000070b900000|  0%| F|  |TAMS 0x000000070b800000, 0x000000070b800000| Untracked 
|  83|0x000000070b900000, 0x000000070b900000, 0x000000070ba00000|  0%| F|  |TAMS 0x000000070b900000, 0x000000070b900000| Untracked 
|  84|0x000000070ba00000, 0x000000070ba00000, 0x000000070bb00000|  0%| F|  |TAMS 0x000000070ba00000, 0x000000070ba00000| Untracked 
|  85|0x000000070bb00000, 0x000000070bb00000, 0x000000070bc00000|  0%| F|  |TAMS 0x000000070bb00000, 0x000000070bb00000| Untracked 
|  86|0x000000070bc00000, 0x000000070bc00000, 0x000000070bd00000|  0%| F|  |TAMS 0x000000070bc00000, 0x000000070bc00000| Untracked 
|  87|0x000000070bd00000, 0x000000070bd00000, 0x000000070be00000|  0%| F|  |TAMS 0x000000070bd00000, 0x000000070bd00000| Untracked 
|  88|0x000000070be00000, 0x000000070be00000, 0x000000070bf00000|  0%| F|  |TAMS 0x000000070be00000, 0x000000070be00000| Untracked 
|  89|0x000000070bf00000, 0x000000070bf00000, 0x000000070c000000|  0%| F|  |TAMS 0x000000070bf00000, 0x000000070bf00000| Untracked 
|  90|0x000000070c000000, 0x000000070c000000, 0x000000070c100000|  0%| F|  |TAMS 0x000000070c000000, 0x000000070c000000| Untracked 
|  91|0x000000070c100000, 0x000000070c100000, 0x000000070c200000|  0%| F|  |TAMS 0x000000070c100000, 0x000000070c100000| Untracked 
|  92|0x000000070c200000, 0x000000070c200000, 0x000000070c300000|  0%| F|  |TAMS 0x000000070c200000, 0x000000070c200000| Untracked 
|  93|0x000000070c300000, 0x000000070c300000, 0x000000070c400000|  0%| F|  |TAMS 0x000000070c300000, 0x000000070c300000| Untracked 
|  94|0x000000070c400000, 0x000000070c400000, 0x000000070c500000|  0%| F|  |TAMS 0x000000070c400000, 0x000000070c400000| Untracked 
|  95|0x000000070c500000, 0x000000070c500000, 0x000000070c600000|  0%| F|  |TAMS 0x000000070c500000, 0x000000070c500000| Untracked 
|  96|0x000000070c600000, 0x000000070c600000, 0x000000070c700000|  0%| F|  |TAMS 0x000000070c600000, 0x000000070c600000| Untracked 
|  97|0x000000070c700000, 0x000000070c700000, 0x000000070c800000|  0%| F|  |TAMS 0x000000070c700000, 0x000000070c700000| Untracked 
|  98|0x000000070c800000, 0x000000070c800000, 0x000000070c900000|  0%| F|  |TAMS 0x000000070c800000, 0x000000070c800000| Untracked 
|  99|0x000000070c900000, 0x000000070c900000, 0x000000070ca00000|  0%| F|  |TAMS 0x000000070c900000, 0x000000070c900000| Untracked 
| 100|0x000000070ca00000, 0x000000070ca00000, 0x000000070cb00000|  0%| F|  |TAMS 0x000000070ca00000, 0x000000070ca00000| Untracked 
| 101|0x000000070cb00000, 0x000000070cb00000, 0x000000070cc00000|  0%| F|  |TAMS 0x000000070cb00000, 0x000000070cb00000| Untracked 
| 102|0x000000070cc00000, 0x000000070ccddd18, 0x000000070cd00000| 86%| S|  |TAMS 0x000000070cc00000, 0x000000070cc00000| Complete 
| 103|0x000000070cd00000, 0x000000070ce00000, 0x000000070ce00000|100%| S|  |TAMS 0x000000070cd00000, 0x000000070cd00000| Complete 
| 104|0x000000070ce00000, 0x000000070cf00000, 0x000000070cf00000|100%| S|  |TAMS 0x000000070ce00000, 0x000000070ce00000| Complete 
| 105|0x000000070cf00000, 0x000000070d000000, 0x000000070d000000|100%| S|  |TAMS 0x000000070cf00000, 0x000000070cf00000| Complete 
| 106|0x000000070d000000, 0x000000070d0b4b28, 0x000000070d100000| 70%| E|CS|TAMS 0x000000070d000000, 0x000000070d000000| Complete 
| 107|0x000000070d100000, 0x000000070d200000, 0x000000070d200000|100%| E|CS|TAMS 0x000000070d100000, 0x000000070d100000| Complete 
| 108|0x000000070d200000, 0x000000070d300000, 0x000000070d300000|100%| E|CS|TAMS 0x000000070d200000, 0x000000070d200000| Complete 
| 109|0x000000070d300000, 0x000000070d400000, 0x000000070d400000|100%| E|CS|TAMS 0x000000070d300000, 0x000000070d300000| Complete 
| 110|0x000000070d400000, 0x000000070d500000, 0x000000070d500000|100%| E|CS|TAMS 0x000000070d400000, 0x000000070d400000| Complete 
| 111|0x000000070d500000, 0x000000070d600000, 0x000000070d600000|100%| E|CS|TAMS 0x000000070d500000, 0x000000070d500000| Complete 
| 112|0x000000070d600000, 0x000000070d700000, 0x000000070d700000|100%| E|CS|TAMS 0x000000070d600000, 0x000000070d600000| Complete 
| 113|0x000000070d700000, 0x000000070d800000, 0x000000070d800000|100%| E|CS|TAMS 0x000000070d700000, 0x000000070d700000| Complete 
| 114|0x000000070d800000, 0x000000070d900000, 0x000000070d900000|100%| E|CS|TAMS 0x000000070d800000, 0x000000070d800000| Complete 
| 115|0x000000070d900000, 0x000000070da00000, 0x000000070da00000|100%| E|CS|TAMS 0x000000070d900000, 0x000000070d900000| Complete 
| 116|0x000000070da00000, 0x000000070db00000, 0x000000070db00000|100%| E|CS|TAMS 0x000000070da00000, 0x000000070da00000| Complete 
| 117|0x000000070db00000, 0x000000070dc00000, 0x000000070dc00000|100%| E|CS|TAMS 0x000000070db00000, 0x000000070db00000| Complete 
| 118|0x000000070dc00000, 0x000000070dd00000, 0x000000070dd00000|100%| E|CS|TAMS 0x000000070dc00000, 0x000000070dc00000| Complete 
| 119|0x000000070dd00000, 0x000000070de00000, 0x000000070de00000|100%| E|CS|TAMS 0x000000070dd00000, 0x000000070dd00000| Complete 
| 120|0x000000070de00000, 0x000000070df00000, 0x000000070df00000|100%| S|  |TAMS 0x000000070de00000, 0x000000070de00000| Complete 
| 121|0x000000070df00000, 0x000000070e000000, 0x000000070e000000|100%| S|  |TAMS 0x000000070df00000, 0x000000070df00000| Complete 
| 122|0x000000070e000000, 0x000000070e100000, 0x000000070e100000|100%| S|  |TAMS 0x000000070e000000, 0x000000070e000000| Complete 
| 123|0x000000070e100000, 0x000000070e200000, 0x000000070e200000|100%| S|  |TAMS 0x000000070e100000, 0x000000070e100000| Complete 
| 124|0x000000070e200000, 0x000000070e300000, 0x000000070e300000|100%| S|  |TAMS 0x000000070e200000, 0x000000070e200000| Complete 
| 125|0x000000070e300000, 0x000000070e400000, 0x000000070e400000|100%| S|  |TAMS 0x000000070e300000, 0x000000070e300000| Complete 
| 126|0x000000070e400000, 0x000000070e500000, 0x000000070e500000|100%| S|  |TAMS 0x000000070e400000, 0x000000070e400000| Complete 
| 127|0x000000070e500000, 0x000000070e600000, 0x000000070e600000|100%| S|  |TAMS 0x000000070e500000, 0x000000070e500000| Complete 
| 128|0x000000070e600000, 0x000000070e700000, 0x000000070e700000|100%| S|  |TAMS 0x000000070e600000, 0x000000070e600000| Complete 
| 129|0x000000070e700000, 0x000000070e800000, 0x000000070e800000|100%| S|  |TAMS 0x000000070e700000, 0x000000070e700000| Complete 
| 130|0x000000070e800000, 0x000000070e900000, 0x000000070e900000|100%| S|  |TAMS 0x000000070e800000, 0x000000070e800000| Complete 
| 131|0x000000070e900000, 0x000000070ea00000, 0x000000070ea00000|100%| S|  |TAMS 0x000000070e900000, 0x000000070e900000| Complete 
| 132|0x000000070ea00000, 0x000000070eb00000, 0x000000070eb00000|100%| S|  |TAMS 0x000000070ea00000, 0x000000070ea00000| Complete 
| 133|0x000000070eb00000, 0x000000070ec00000, 0x000000070ec00000|100%| S|  |TAMS 0x000000070eb00000, 0x000000070eb00000| Complete 
| 134|0x000000070ec00000, 0x000000070ed00000, 0x000000070ed00000|100%| E|CS|TAMS 0x000000070ec00000, 0x000000070ec00000| Complete 
| 135|0x000000070ed00000, 0x000000070ee00000, 0x000000070ee00000|100%| E|CS|TAMS 0x000000070ed00000, 0x000000070ed00000| Complete 
| 136|0x000000070ee00000, 0x000000070ef00000, 0x000000070ef00000|100%| E|CS|TAMS 0x000000070ee00000, 0x000000070ee00000| Complete 
| 137|0x000000070ef00000, 0x000000070f000000, 0x000000070f000000|100%| E|CS|TAMS 0x000000070ef00000, 0x000000070ef00000| Complete 
| 138|0x000000070f000000, 0x000000070f100000, 0x000000070f100000|100%| E|CS|TAMS 0x000000070f000000, 0x000000070f000000| Complete 
| 139|0x000000070f100000, 0x000000070f200000, 0x000000070f200000|100%| E|CS|TAMS 0x000000070f100000, 0x000000070f100000| Complete 
| 140|0x000000070f200000, 0x000000070f300000, 0x000000070f300000|100%| E|CS|TAMS 0x000000070f200000, 0x000000070f200000| Complete 
| 141|0x000000070f300000, 0x000000070f400000, 0x000000070f400000|100%| E|CS|TAMS 0x000000070f300000, 0x000000070f300000| Complete 
| 142|0x000000070f400000, 0x000000070f500000, 0x000000070f500000|100%| E|CS|TAMS 0x000000070f400000, 0x000000070f400000| Complete 
| 143|0x000000070f500000, 0x000000070f600000, 0x000000070f600000|100%| E|CS|TAMS 0x000000070f500000, 0x000000070f500000| Complete 
| 144|0x000000070f600000, 0x000000070f700000, 0x000000070f700000|100%| E|CS|TAMS 0x000000070f600000, 0x000000070f600000| Complete 
| 145|0x000000070f700000, 0x000000070f800000, 0x000000070f800000|100%| E|CS|TAMS 0x000000070f700000, 0x000000070f700000| Complete 
| 146|0x000000070f800000, 0x000000070f900000, 0x000000070f900000|100%| E|CS|TAMS 0x000000070f800000, 0x000000070f800000| Complete 
| 147|0x000000070f900000, 0x000000070fa00000, 0x000000070fa00000|100%| E|CS|TAMS 0x000000070f900000, 0x000000070f900000| Complete 
| 148|0x000000070fa00000, 0x000000070fb00000, 0x000000070fb00000|100%| E|CS|TAMS 0x000000070fa00000, 0x000000070fa00000| Complete 
| 149|0x000000070fb00000, 0x000000070fc00000, 0x000000070fc00000|100%| E|CS|TAMS 0x000000070fb00000, 0x000000070fb00000| Complete 
| 150|0x000000070fc00000, 0x000000070fd00000, 0x000000070fd00000|100%| E|CS|TAMS 0x000000070fc00000, 0x000000070fc00000| Complete 
| 151|0x000000070fd00000, 0x000000070fe00000, 0x000000070fe00000|100%| E|CS|TAMS 0x000000070fd00000, 0x000000070fd00000| Complete 
| 152|0x000000070fe00000, 0x000000070ff00000, 0x000000070ff00000|100%| E|CS|TAMS 0x000000070fe00000, 0x000000070fe00000| Complete 
| 153|0x000000070ff00000, 0x0000000710000000, 0x0000000710000000|100%| E|CS|TAMS 0x000000070ff00000, 0x000000070ff00000| Complete 
| 154|0x0000000710000000, 0x0000000710100000, 0x0000000710100000|100%| E|CS|TAMS 0x0000000710000000, 0x0000000710000000| Complete 
| 155|0x0000000710100000, 0x0000000710200000, 0x0000000710200000|100%| E|CS|TAMS 0x0000000710100000, 0x0000000710100000| Complete 
| 156|0x0000000710200000, 0x0000000710300000, 0x0000000710300000|100%| E|CS|TAMS 0x0000000710200000, 0x0000000710200000| Complete 
| 157|0x0000000710300000, 0x0000000710400000, 0x0000000710400000|100%| E|CS|TAMS 0x0000000710300000, 0x0000000710300000| Complete 
| 158|0x0000000710400000, 0x0000000710500000, 0x0000000710500000|100%| E|CS|TAMS 0x0000000710400000, 0x0000000710400000| Complete 
| 159|0x0000000710500000, 0x0000000710600000, 0x0000000710600000|100%| E|CS|TAMS 0x0000000710500000, 0x0000000710500000| Complete 
| 160|0x0000000710600000, 0x0000000710700000, 0x0000000710700000|100%| E|CS|TAMS 0x0000000710600000, 0x0000000710600000| Complete 
| 161|0x0000000710700000, 0x0000000710800000, 0x0000000710800000|100%| E|CS|TAMS 0x0000000710700000, 0x0000000710700000| Complete 
| 162|0x0000000710800000, 0x0000000710900000, 0x0000000710900000|100%| E|CS|TAMS 0x0000000710800000, 0x0000000710800000| Complete 
| 163|0x0000000710900000, 0x0000000710a00000, 0x0000000710a00000|100%| E|CS|TAMS 0x0000000710900000, 0x0000000710900000| Complete 
| 164|0x0000000710a00000, 0x0000000710b00000, 0x0000000710b00000|100%| E|CS|TAMS 0x0000000710a00000, 0x0000000710a00000| Complete 
| 165|0x0000000710b00000, 0x0000000710c00000, 0x0000000710c00000|100%| E|CS|TAMS 0x0000000710b00000, 0x0000000710b00000| Complete 
| 166|0x0000000710c00000, 0x0000000710d00000, 0x0000000710d00000|100%| E|CS|TAMS 0x0000000710c00000, 0x0000000710c00000| Complete 
| 167|0x0000000710d00000, 0x0000000710e00000, 0x0000000710e00000|100%| E|CS|TAMS 0x0000000710d00000, 0x0000000710d00000| Complete 
| 168|0x0000000710e00000, 0x0000000710f00000, 0x0000000710f00000|100%| E|CS|TAMS 0x0000000710e00000, 0x0000000710e00000| Complete 
| 169|0x0000000710f00000, 0x0000000711000000, 0x0000000711000000|100%| E|CS|TAMS 0x0000000710f00000, 0x0000000710f00000| Complete 
| 170|0x0000000711000000, 0x0000000711100000, 0x0000000711100000|100%| E|CS|TAMS 0x0000000711000000, 0x0000000711000000| Complete 
| 171|0x0000000711100000, 0x0000000711200000, 0x0000000711200000|100%| E|CS|TAMS 0x0000000711100000, 0x0000000711100000| Complete 
| 172|0x0000000711200000, 0x0000000711300000, 0x0000000711300000|100%| E|CS|TAMS 0x0000000711200000, 0x0000000711200000| Complete 
| 173|0x0000000711300000, 0x0000000711400000, 0x0000000711400000|100%| E|CS|TAMS 0x0000000711300000, 0x0000000711300000| Complete 
| 174|0x0000000711400000, 0x0000000711500000, 0x0000000711500000|100%| E|CS|TAMS 0x0000000711400000, 0x0000000711400000| Complete 
| 175|0x0000000711500000, 0x0000000711600000, 0x0000000711600000|100%| E|CS|TAMS 0x0000000711500000, 0x0000000711500000| Complete 
| 176|0x0000000711600000, 0x0000000711700000, 0x0000000711700000|100%| E|CS|TAMS 0x0000000711600000, 0x0000000711600000| Complete 
| 177|0x0000000711700000, 0x0000000711800000, 0x0000000711800000|100%| E|CS|TAMS 0x0000000711700000, 0x0000000711700000| Complete 
| 178|0x0000000711800000, 0x0000000711900000, 0x0000000711900000|100%| E|CS|TAMS 0x0000000711800000, 0x0000000711800000| Complete 
| 179|0x0000000711900000, 0x0000000711a00000, 0x0000000711a00000|100%| E|CS|TAMS 0x0000000711900000, 0x0000000711900000| Complete 
| 180|0x0000000711a00000, 0x0000000711b00000, 0x0000000711b00000|100%| E|CS|TAMS 0x0000000711a00000, 0x0000000711a00000| Complete 
| 181|0x0000000711b00000, 0x0000000711c00000, 0x0000000711c00000|100%| E|CS|TAMS 0x0000000711b00000, 0x0000000711b00000| Complete 
| 182|0x0000000711c00000, 0x0000000711d00000, 0x0000000711d00000|100%| E|CS|TAMS 0x0000000711c00000, 0x0000000711c00000| Complete 
| 183|0x0000000711d00000, 0x0000000711e00000, 0x0000000711e00000|100%| E|CS|TAMS 0x0000000711d00000, 0x0000000711d00000| Complete 
| 184|0x0000000711e00000, 0x0000000711f00000, 0x0000000711f00000|100%| E|CS|TAMS 0x0000000711e00000, 0x0000000711e00000| Complete 
| 185|0x0000000711f00000, 0x0000000712000000, 0x0000000712000000|100%| E|CS|TAMS 0x0000000711f00000, 0x0000000711f00000| Complete 
| 186|0x0000000712000000, 0x0000000712100000, 0x0000000712100000|100%| E|CS|TAMS 0x0000000712000000, 0x0000000712000000| Complete 
| 187|0x0000000712100000, 0x0000000712200000, 0x0000000712200000|100%| E|CS|TAMS 0x0000000712100000, 0x0000000712100000| Complete 
| 188|0x0000000712200000, 0x0000000712300000, 0x0000000712300000|100%| E|CS|TAMS 0x0000000712200000, 0x0000000712200000| Complete 
| 189|0x0000000712300000, 0x0000000712400000, 0x0000000712400000|100%| E|CS|TAMS 0x0000000712300000, 0x0000000712300000| Complete 
| 190|0x0000000712400000, 0x0000000712500000, 0x0000000712500000|100%| E|CS|TAMS 0x0000000712400000, 0x0000000712400000| Complete 
| 191|0x0000000712500000, 0x0000000712600000, 0x0000000712600000|100%| E|CS|TAMS 0x0000000712500000, 0x0000000712500000| Complete 
| 192|0x0000000712600000, 0x0000000712700000, 0x0000000712700000|100%| E|CS|TAMS 0x0000000712600000, 0x0000000712600000| Complete 
| 193|0x0000000712700000, 0x0000000712800000, 0x0000000712800000|100%| E|CS|TAMS 0x0000000712700000, 0x0000000712700000| Complete 
| 194|0x0000000712800000, 0x0000000712900000, 0x0000000712900000|100%| E|CS|TAMS 0x0000000712800000, 0x0000000712800000| Complete 
| 195|0x0000000712900000, 0x0000000712a00000, 0x0000000712a00000|100%| E|CS|TAMS 0x0000000712900000, 0x0000000712900000| Complete 
| 196|0x0000000712a00000, 0x0000000712b00000, 0x0000000712b00000|100%| E|CS|TAMS 0x0000000712a00000, 0x0000000712a00000| Complete 
| 197|0x0000000712b00000, 0x0000000712c00000, 0x0000000712c00000|100%| E|CS|TAMS 0x0000000712b00000, 0x0000000712b00000| Complete 
| 198|0x0000000712c00000, 0x0000000712d00000, 0x0000000712d00000|100%| E|CS|TAMS 0x0000000712c00000, 0x0000000712c00000| Complete 
| 199|0x0000000712d00000, 0x0000000712e00000, 0x0000000712e00000|100%| E|CS|TAMS 0x0000000712d00000, 0x0000000712d00000| Complete 
| 200|0x0000000712e00000, 0x0000000712f00000, 0x0000000712f00000|100%| E|CS|TAMS 0x0000000712e00000, 0x0000000712e00000| Complete 
| 201|0x0000000712f00000, 0x0000000713000000, 0x0000000713000000|100%| E|CS|TAMS 0x0000000712f00000, 0x0000000712f00000| Complete 
| 202|0x0000000713000000, 0x0000000713100000, 0x0000000713100000|100%| E|CS|TAMS 0x0000000713000000, 0x0000000713000000| Complete 
| 203|0x0000000713100000, 0x0000000713200000, 0x0000000713200000|100%| E|CS|TAMS 0x0000000713100000, 0x0000000713100000| Complete 
| 204|0x0000000713200000, 0x0000000713300000, 0x0000000713300000|100%| E|CS|TAMS 0x0000000713200000, 0x0000000713200000| Complete 
| 205|0x0000000713300000, 0x0000000713400000, 0x0000000713400000|100%| E|CS|TAMS 0x0000000713300000, 0x0000000713300000| Complete 
| 206|0x0000000713400000, 0x0000000713500000, 0x0000000713500000|100%| E|CS|TAMS 0x0000000713400000, 0x0000000713400000| Complete 
| 207|0x0000000713500000, 0x0000000713600000, 0x0000000713600000|100%| E|CS|TAMS 0x0000000713500000, 0x0000000713500000| Complete 
| 208|0x0000000713600000, 0x0000000713700000, 0x0000000713700000|100%| E|CS|TAMS 0x0000000713600000, 0x0000000713600000| Complete 
| 209|0x0000000713700000, 0x0000000713800000, 0x0000000713800000|100%| E|CS|TAMS 0x0000000713700000, 0x0000000713700000| Complete 
| 210|0x0000000713800000, 0x0000000713900000, 0x0000000713900000|100%| E|CS|TAMS 0x0000000713800000, 0x0000000713800000| Complete 
| 211|0x0000000713900000, 0x0000000713a00000, 0x0000000713a00000|100%| E|CS|TAMS 0x0000000713900000, 0x0000000713900000| Complete 
| 212|0x0000000713a00000, 0x0000000713b00000, 0x0000000713b00000|100%| E|CS|TAMS 0x0000000713a00000, 0x0000000713a00000| Complete 
| 213|0x0000000713b00000, 0x0000000713c00000, 0x0000000713c00000|100%| E|CS|TAMS 0x0000000713b00000, 0x0000000713b00000| Complete 
| 214|0x0000000713c00000, 0x0000000713d00000, 0x0000000713d00000|100%| E|CS|TAMS 0x0000000713c00000, 0x0000000713c00000| Complete 
| 215|0x0000000713d00000, 0x0000000713e00000, 0x0000000713e00000|100%| E|CS|TAMS 0x0000000713d00000, 0x0000000713d00000| Complete 
| 216|0x0000000713e00000, 0x0000000713f00000, 0x0000000713f00000|100%| E|CS|TAMS 0x0000000713e00000, 0x0000000713e00000| Complete 
| 217|0x0000000713f00000, 0x0000000714000000, 0x0000000714000000|100%| E|CS|TAMS 0x0000000713f00000, 0x0000000713f00000| Complete 
| 218|0x0000000714000000, 0x0000000714100000, 0x0000000714100000|100%| E|CS|TAMS 0x0000000714000000, 0x0000000714000000| Complete 
| 219|0x0000000714100000, 0x0000000714200000, 0x0000000714200000|100%| E|CS|TAMS 0x0000000714100000, 0x0000000714100000| Complete 
| 220|0x0000000714200000, 0x0000000714300000, 0x0000000714300000|100%| E|CS|TAMS 0x0000000714200000, 0x0000000714200000| Complete 
| 221|0x0000000714300000, 0x0000000714400000, 0x0000000714400000|100%| E|CS|TAMS 0x0000000714300000, 0x0000000714300000| Complete 
| 222|0x0000000714400000, 0x0000000714500000, 0x0000000714500000|100%| E|CS|TAMS 0x0000000714400000, 0x0000000714400000| Complete 
| 223|0x0000000714500000, 0x0000000714600000, 0x0000000714600000|100%| E|CS|TAMS 0x0000000714500000, 0x0000000714500000| Complete 
| 224|0x0000000714600000, 0x0000000714700000, 0x0000000714700000|100%| E|CS|TAMS 0x0000000714600000, 0x0000000714600000| Complete 
| 225|0x0000000714700000, 0x0000000714800000, 0x0000000714800000|100%| E|CS|TAMS 0x0000000714700000, 0x0000000714700000| Complete 
| 226|0x0000000714800000, 0x0000000714900000, 0x0000000714900000|100%| E|CS|TAMS 0x0000000714800000, 0x0000000714800000| Complete 
| 227|0x0000000714900000, 0x0000000714a00000, 0x0000000714a00000|100%| E|CS|TAMS 0x0000000714900000, 0x0000000714900000| Complete 
| 228|0x0000000714a00000, 0x0000000714b00000, 0x0000000714b00000|100%| E|CS|TAMS 0x0000000714a00000, 0x0000000714a00000| Complete 
| 229|0x0000000714b00000, 0x0000000714c00000, 0x0000000714c00000|100%| E|CS|TAMS 0x0000000714b00000, 0x0000000714b00000| Complete 
| 230|0x0000000714c00000, 0x0000000714d00000, 0x0000000714d00000|100%| E|CS|TAMS 0x0000000714c00000, 0x0000000714c00000| Complete 
| 231|0x0000000714d00000, 0x0000000714e00000, 0x0000000714e00000|100%| E|CS|TAMS 0x0000000714d00000, 0x0000000714d00000| Complete 
| 232|0x0000000714e00000, 0x0000000714f00000, 0x0000000714f00000|100%| E|CS|TAMS 0x0000000714e00000, 0x0000000714e00000| Complete 
| 233|0x0000000714f00000, 0x0000000715000000, 0x0000000715000000|100%| E|CS|TAMS 0x0000000714f00000, 0x0000000714f00000| Complete 
| 234|0x0000000715000000, 0x0000000715100000, 0x0000000715100000|100%| E|CS|TAMS 0x0000000715000000, 0x0000000715000000| Complete 
| 235|0x0000000715100000, 0x0000000715200000, 0x0000000715200000|100%| E|CS|TAMS 0x0000000715100000, 0x0000000715100000| Complete 
| 236|0x0000000715200000, 0x0000000715300000, 0x0000000715300000|100%| E|CS|TAMS 0x0000000715200000, 0x0000000715200000| Complete 
| 237|0x0000000715300000, 0x0000000715400000, 0x0000000715400000|100%| E|CS|TAMS 0x0000000715300000, 0x0000000715300000| Complete 
| 238|0x0000000715400000, 0x0000000715500000, 0x0000000715500000|100%| E|CS|TAMS 0x0000000715400000, 0x0000000715400000| Complete 
| 239|0x0000000715500000, 0x0000000715600000, 0x0000000715600000|100%| E|CS|TAMS 0x0000000715500000, 0x0000000715500000| Complete 
| 240|0x0000000715600000, 0x0000000715700000, 0x0000000715700000|100%| E|CS|TAMS 0x0000000715600000, 0x0000000715600000| Complete 
| 241|0x0000000715700000, 0x0000000715800000, 0x0000000715800000|100%| E|CS|TAMS 0x0000000715700000, 0x0000000715700000| Complete 
| 242|0x0000000715800000, 0x0000000715900000, 0x0000000715900000|100%| E|CS|TAMS 0x0000000715800000, 0x0000000715800000| Complete 
| 243|0x0000000715900000, 0x0000000715a00000, 0x0000000715a00000|100%| E|CS|TAMS 0x0000000715900000, 0x0000000715900000| Complete 
| 244|0x0000000715a00000, 0x0000000715b00000, 0x0000000715b00000|100%| E|CS|TAMS 0x0000000715a00000, 0x0000000715a00000| Complete 
| 245|0x0000000715b00000, 0x0000000715c00000, 0x0000000715c00000|100%| E|CS|TAMS 0x0000000715b00000, 0x0000000715b00000| Complete 
| 246|0x0000000715c00000, 0x0000000715d00000, 0x0000000715d00000|100%| E|CS|TAMS 0x0000000715c00000, 0x0000000715c00000| Complete 
| 247|0x0000000715d00000, 0x0000000715e00000, 0x0000000715e00000|100%| E|CS|TAMS 0x0000000715d00000, 0x0000000715d00000| Complete 
| 248|0x0000000715e00000, 0x0000000715f00000, 0x0000000715f00000|100%| E|CS|TAMS 0x0000000715e00000, 0x0000000715e00000| Complete 
| 249|0x0000000715f00000, 0x0000000716000000, 0x0000000716000000|100%| E|CS|TAMS 0x0000000715f00000, 0x0000000715f00000| Complete 
| 250|0x0000000716000000, 0x0000000716100000, 0x0000000716100000|100%| E|CS|TAMS 0x0000000716000000, 0x0000000716000000| Complete 
| 251|0x0000000716100000, 0x0000000716200000, 0x0000000716200000|100%| E|CS|TAMS 0x0000000716100000, 0x0000000716100000| Complete 
| 252|0x0000000716200000, 0x0000000716300000, 0x0000000716300000|100%| E|CS|TAMS 0x0000000716200000, 0x0000000716200000| Complete 
| 253|0x0000000716300000, 0x0000000716400000, 0x0000000716400000|100%| E|CS|TAMS 0x0000000716300000, 0x0000000716300000| Complete 
| 254|0x0000000716400000, 0x0000000716500000, 0x0000000716500000|100%| E|CS|TAMS 0x0000000716400000, 0x0000000716400000| Complete 
| 255|0x0000000716500000, 0x0000000716600000, 0x0000000716600000|100%| E|CS|TAMS 0x0000000716500000, 0x0000000716500000| Complete 
| 256|0x0000000716600000, 0x0000000716700000, 0x0000000716700000|100%| E|CS|TAMS 0x0000000716600000, 0x0000000716600000| Complete 
| 257|0x0000000716700000, 0x0000000716800000, 0x0000000716800000|100%| E|CS|TAMS 0x0000000716700000, 0x0000000716700000| Complete 
| 258|0x0000000716800000, 0x0000000716900000, 0x0000000716900000|100%| E|CS|TAMS 0x0000000716800000, 0x0000000716800000| Complete 
| 259|0x0000000716900000, 0x0000000716a00000, 0x0000000716a00000|100%| E|CS|TAMS 0x0000000716900000, 0x0000000716900000| Complete 
| 260|0x0000000716a00000, 0x0000000716b00000, 0x0000000716b00000|100%| E|CS|TAMS 0x0000000716a00000, 0x0000000716a00000| Complete 
| 261|0x0000000716b00000, 0x0000000716c00000, 0x0000000716c00000|100%| E|CS|TAMS 0x0000000716b00000, 0x0000000716b00000| Complete 
| 262|0x0000000716c00000, 0x0000000716d00000, 0x0000000716d00000|100%| E|CS|TAMS 0x0000000716c00000, 0x0000000716c00000| Complete 
| 263|0x0000000716d00000, 0x0000000716e00000, 0x0000000716e00000|100%| E|CS|TAMS 0x0000000716d00000, 0x0000000716d00000| Complete 
| 264|0x0000000716e00000, 0x0000000716f00000, 0x0000000716f00000|100%| E|CS|TAMS 0x0000000716e00000, 0x0000000716e00000| Complete 
| 265|0x0000000716f00000, 0x0000000717000000, 0x0000000717000000|100%| E|CS|TAMS 0x0000000716f00000, 0x0000000716f00000| Complete 
| 266|0x0000000717000000, 0x0000000717100000, 0x0000000717100000|100%| E|CS|TAMS 0x0000000717000000, 0x0000000717000000| Complete 
| 267|0x0000000717100000, 0x0000000717200000, 0x0000000717200000|100%| E|CS|TAMS 0x0000000717100000, 0x0000000717100000| Complete 
| 268|0x0000000717200000, 0x0000000717300000, 0x0000000717300000|100%| E|CS|TAMS 0x0000000717200000, 0x0000000717200000| Complete 
| 269|0x0000000717300000, 0x0000000717400000, 0x0000000717400000|100%| E|CS|TAMS 0x0000000717300000, 0x0000000717300000| Complete 
| 270|0x0000000717400000, 0x0000000717500000, 0x0000000717500000|100%| E|CS|TAMS 0x0000000717400000, 0x0000000717400000| Complete 
| 271|0x0000000717500000, 0x0000000717600000, 0x0000000717600000|100%| E|CS|TAMS 0x0000000717500000, 0x0000000717500000| Complete 
| 272|0x0000000717600000, 0x0000000717700000, 0x0000000717700000|100%| E|CS|TAMS 0x0000000717600000, 0x0000000717600000| Complete 
| 273|0x0000000717700000, 0x0000000717800000, 0x0000000717800000|100%| E|CS|TAMS 0x0000000717700000, 0x0000000717700000| Complete 
| 274|0x0000000717800000, 0x0000000717900000, 0x0000000717900000|100%| E|CS|TAMS 0x0000000717800000, 0x0000000717800000| Complete 
| 275|0x0000000717900000, 0x0000000717a00000, 0x0000000717a00000|100%| E|CS|TAMS 0x0000000717900000, 0x0000000717900000| Complete 
| 276|0x0000000717a00000, 0x0000000717b00000, 0x0000000717b00000|100%| E|CS|TAMS 0x0000000717a00000, 0x0000000717a00000| Complete 
| 277|0x0000000717b00000, 0x0000000717c00000, 0x0000000717c00000|100%| E|CS|TAMS 0x0000000717b00000, 0x0000000717b00000| Complete 
| 278|0x0000000717c00000, 0x0000000717d00000, 0x0000000717d00000|100%| E|CS|TAMS 0x0000000717c00000, 0x0000000717c00000| Complete 
| 279|0x0000000717d00000, 0x0000000717e00000, 0x0000000717e00000|100%| E|CS|TAMS 0x0000000717d00000, 0x0000000717d00000| Complete 
| 280|0x0000000717e00000, 0x0000000717f00000, 0x0000000717f00000|100%| E|CS|TAMS 0x0000000717e00000, 0x0000000717e00000| Complete 
| 281|0x0000000717f00000, 0x0000000718000000, 0x0000000718000000|100%| E|CS|TAMS 0x0000000717f00000, 0x0000000717f00000| Complete 
| 282|0x0000000718000000, 0x0000000718100000, 0x0000000718100000|100%| E|CS|TAMS 0x0000000718000000, 0x0000000718000000| Complete 
| 283|0x0000000718100000, 0x0000000718200000, 0x0000000718200000|100%| E|CS|TAMS 0x0000000718100000, 0x0000000718100000| Complete 
| 284|0x0000000718200000, 0x0000000718300000, 0x0000000718300000|100%| E|CS|TAMS 0x0000000718200000, 0x0000000718200000| Complete 
| 285|0x0000000718300000, 0x0000000718400000, 0x0000000718400000|100%| E|CS|TAMS 0x0000000718300000, 0x0000000718300000| Complete 
| 286|0x0000000718400000, 0x0000000718500000, 0x0000000718500000|100%| E|CS|TAMS 0x0000000718400000, 0x0000000718400000| Complete 
| 287|0x0000000718500000, 0x0000000718600000, 0x0000000718600000|100%| E|CS|TAMS 0x0000000718500000, 0x0000000718500000| Complete 
| 288|0x0000000718600000, 0x0000000718700000, 0x0000000718700000|100%| E|CS|TAMS 0x0000000718600000, 0x0000000718600000| Complete 
| 289|0x0000000718700000, 0x0000000718800000, 0x0000000718800000|100%| E|CS|TAMS 0x0000000718700000, 0x0000000718700000| Complete 
| 290|0x0000000718800000, 0x0000000718900000, 0x0000000718900000|100%| E|CS|TAMS 0x0000000718800000, 0x0000000718800000| Complete 
| 291|0x0000000718900000, 0x0000000718a00000, 0x0000000718a00000|100%| E|CS|TAMS 0x0000000718900000, 0x0000000718900000| Complete 
| 292|0x0000000718a00000, 0x0000000718b00000, 0x0000000718b00000|100%| E|CS|TAMS 0x0000000718a00000, 0x0000000718a00000| Complete 
| 293|0x0000000718b00000, 0x0000000718c00000, 0x0000000718c00000|100%| E|CS|TAMS 0x0000000718b00000, 0x0000000718b00000| Complete 
| 294|0x0000000718c00000, 0x0000000718d00000, 0x0000000718d00000|100%| E|CS|TAMS 0x0000000718c00000, 0x0000000718c00000| Complete 
| 295|0x0000000718d00000, 0x0000000718e00000, 0x0000000718e00000|100%| E|CS|TAMS 0x0000000718d00000, 0x0000000718d00000| Complete 
| 296|0x0000000718e00000, 0x0000000718f00000, 0x0000000718f00000|100%| E|CS|TAMS 0x0000000718e00000, 0x0000000718e00000| Complete 
| 297|0x0000000718f00000, 0x0000000719000000, 0x0000000719000000|100%| E|CS|TAMS 0x0000000718f00000, 0x0000000718f00000| Complete 
| 298|0x0000000719000000, 0x0000000719100000, 0x0000000719100000|100%| E|CS|TAMS 0x0000000719000000, 0x0000000719000000| Complete 
| 299|0x0000000719100000, 0x0000000719200000, 0x0000000719200000|100%| E|CS|TAMS 0x0000000719100000, 0x0000000719100000| Complete 

Card table byte_map: [0x00007f65546e9000,0x00007f6554eb6000] _byte_map_base: 0x00007f6550eb6000

Marking Bits (Prev, Next): (CMBitMap*) 0x00007f655008b350, (CMBitMap*) 0x00007f655008b318
 Prev Bits: [0x00007f652c330000, 0x00007f6530198000)
 Next Bits: [0x00007f6530198000, 0x00007f6534000000)

Polling page: 0x00007f6559cab000

Metaspace:

Usage:
  Non-class:     51,58 MB capacity,    50,88 MB ( 99%) used,   558,17 KB (  1%) free+waste,   155,00 KB ( <1%) overhead. 
      Class:      7,43 MB capacity,     6,98 MB ( 94%) used,   388,59 KB (  5%) free+waste,    70,88 KB ( <1%) overhead. 
       Both:     59,01 MB capacity,    57,87 MB ( 98%) used,   946,77 KB (  2%) free+waste,   225,88 KB ( <1%) overhead. 

Virtual space:
  Non-class space:       52,00 MB reserved,      51,88 MB (>99%) committed 
      Class space:        1,00 GB reserved,       7,50 MB ( <1%) committed 
             Both:        1,05 GB reserved,      59,38 MB (  6%) committed 

Chunk freelists:
   Non-Class:  29,88 KB
       Class:  512 bytes
        Both:  30,38 KB

CodeHeap 'non-profiled nmethods': size=120032Kb used=3893Kb max_used=3893Kb free=116138Kb
 bounds [0x00007f65406e8000, 0x00007f6540ab8000, 0x00007f6547c20000]
CodeHeap 'profiled nmethods': size=120028Kb used=13380Kb max_used=13380Kb free=106648Kb
 bounds [0x00007f65391b1000, 0x00007f6539ed1000, 0x00007f65406e8000]
CodeHeap 'non-nmethods': size=5700Kb used=1179Kb max_used=1255Kb free=4520Kb
 bounds [0x00007f6538c20000, 0x00007f6538e90000, 0x00007f65391b1000]
 total_blobs=7510 nmethods=5569 adapters=459
 compilation: enabled
              stopped_count=0, restarted_count=0
 full_count=0

Compilation events (10 events):
Event: 78,137 Thread 0x00007f655028b000 5988       3       org.apache.ibatis.mapping.MappedStatement::<init> (5 bytes)
Event: 78,137 Thread 0x00007f655028b000 nmethod 5988 0x00007f6539ec0c10 code [0x00007f6539ec0dc0, 0x00007f6539ec0f70]
Event: 78,137 Thread 0x00007f655028b000 5989       3       org.apache.ibatis.mapping.MappedStatement::access$002 (7 bytes)
Event: 78,138 Thread 0x00007f655028b000 nmethod 5989 0x00007f6539ec1010 code [0x00007f6539ec11c0, 0x00007f6539ec1350]
Event: 78,138 Thread 0x00007f655028b000 5990       3       org.apache.ibatis.mapping.MappedStatement::access$102 (7 bytes)
Event: 78,140 Thread 0x00007f655028b000 nmethod 5990 0x00007f6539ec1410 code [0x00007f6539ec15c0, 0x00007f6539ec1750]
Event: 78,140 Thread 0x00007f655028b000 5991       3       org.apache.ibatis.mapping.MappedStatement::access$202 (7 bytes)
Event: 78,142 Thread 0x00007f655028b000 nmethod 5991 0x00007f6539ec1810 code [0x00007f6539ec19c0, 0x00007f6539ec1b50]
Event: 78,142 Thread 0x00007f655028b000 5992       3       org.apache.ibatis.mapping.MappedStatement::access$702 (7 bytes)
Event: 78,143 Thread 0x00007f655028b000 nmethod 5992 0x00007f6539ec1c10 code [0x00007f6539ec1dc0, 0x00007f6539ec1f50]

GC Heap History (10 events):
Event: 50,588 GC heap after
{Heap after GC invocations=8 (full 0):
 garbage-first heap   total 256000K, used 19090K [0x0000000706600000, 0x0000000800000000)
  region size 1024K, 13 young (13312K), 13 survivors (13312K)
 Metaspace       used 46028K, capacity 47049K, committed 47488K, reserved 1091584K
  class space    used 5486K, capacity 5922K, committed 6016K, reserved 1048576K
}
Event: 55,198 GC heap before
{Heap before GC invocations=8 (full 0):
 garbage-first heap   total 256000K, used 159378K [0x0000000706600000, 0x0000000800000000)
  region size 1024K, 150 young (153600K), 13 survivors (13312K)
 Metaspace       used 46185K, capacity 47242K, committed 47488K, reserved 1091584K
  class space    used 5487K, capacity 5922K, committed 6016K, reserved 1048576K
}
Event: 55,302 GC heap after
{Heap after GC invocations=9 (full 0):
 garbage-first heap   total 256000K, used 19539K [0x0000000706600000, 0x0000000800000000)
  region size 1024K, 11 young (11264K), 11 survivors (11264K)
 Metaspace       used 46185K, capacity 47242K, committed 47488K, reserved 1091584K
  class space    used 5487K, capacity 5922K, committed 6016K, reserved 1048576K
}
Event: 68,370 GC heap before
{Heap before GC invocations=9 (full 0):
 garbage-first heap   total 256000K, used 161875K [0x0000000706600000, 0x0000000800000000)
  region size 1024K, 150 young (153600K), 11 survivors (11264K)
 Metaspace       used 58293K, capacity 59472K, committed 59776K, reserved 1101824K
  class space    used 7046K, capacity 7509K, committed 7552K, reserved 1048576K
}
Event: 68,517 GC heap after
{Heap after GC invocations=10 (full 0):
 garbage-first heap   total 307200K, used 22682K [0x0000000706600000, 0x0000000800000000)
  region size 1024K, 10 young (10240K), 10 survivors (10240K)
 Metaspace       used 58293K, capacity 59472K, committed 59776K, reserved 1101824K
  class space    used 7046K, capacity 7509K, committed 7552K, reserved 1048576K
}
Event: 70,961 GC heap before
{Heap before GC invocations=10 (full 0):
 garbage-first heap   total 307200K, used 82074K [0x0000000706600000, 0x0000000800000000)
  region size 1024K, 69 young (70656K), 10 survivors (10240K)
 Metaspace       used 58770K, capacity 59913K, committed 60160K, reserved 1101824K
  class space    used 7086K, capacity 7548K, committed 7552K, reserved 1048576K
}
Event: 71,043 GC heap after
{Heap after GC invocations=11 (full 0):
 garbage-first heap   total 307200K, used 24000K [0x0000000706600000, 0x0000000800000000)
  region size 1024K, 12 young (12288K), 12 survivors (12288K)
 Metaspace       used 58770K, capacity 59913K, committed 60160K, reserved 1101824K
  class space    used 7086K, capacity 7548K, committed 7552K, reserved 1048576K
}
Event: 74,620 GC heap before
{Heap before GC invocations=12 (full 0):
 garbage-first heap   total 307200K, used 196032K [0x0000000706600000, 0x0000000800000000)
  region size 1024K, 180 young (184320K), 12 survivors (12288K)
 Metaspace       used 59134K, capacity 60332K, committed 60800K, reserved 1101824K
  class space    used 7129K, capacity 7580K, committed 7680K, reserved 1048576K
}
Event: 74,730 GC heap after
{Heap after GC invocations=13 (full 0):
 garbage-first heap   total 307200K, used 26550K [0x0000000706600000, 0x0000000800000000)
  region size 1024K, 14 young (14336K), 14 survivors (14336K)
 Metaspace       used 59134K, capacity 60332K, committed 60800K, reserved 1101824K
  class space    used 7129K, capacity 7580K, committed 7680K, reserved 1048576K
}
Event: 78,318 GC heap before
{Heap before GC invocations=13 (full 0):
 garbage-first heap   total 307200K, used 196534K [0x0000000706600000, 0x0000000800000000)
  region size 1024K, 180 young (184320K), 14 survivors (14336K)
 Metaspace       used 59256K, capacity 60429K, committed 60800K, reserved 1101824K
  class space    used 7152K, capacity 7612K, committed 7680K, reserved 1048576K
}

Deoptimization events (10 events):
Event: 65,902 Thread 0x00007f6550015800 Uncommon trap: reason=bimorphic_or_optimized_type_check action=maybe_recompile pc=0x00007f654081c61c method=java.util.HashMap.putVal(ILjava/lang/Object;Ljava/lang/Object;ZZ)Ljava/lang/Object; @ 253 c2
Event: 65,902 Thread 0x00007f6550015800 Uncommon trap: reason=bimorphic_or_optimized_type_check action=maybe_recompile pc=0x00007f654081c61c method=java.util.HashMap.putVal(ILjava/lang/Object;Ljava/lang/Object;ZZ)Ljava/lang/Object; @ 253 c2
Event: 70,149 Thread 0x00007f6550015800 Uncommon trap: reason=unstable_if action=reinterpret pc=0x00007f6540a16570 method=com.sun.org.apache.xerces.internal.dom.ParentNode.internalInsertBefore(Lorg/w3c/dom/Node;Lorg/w3c/dom/Node;Z)Lorg/w3c/dom/Node; @ 473 c2
Event: 70,297 Thread 0x00007f6550015800 Uncommon trap: reason=unstable_if action=reinterpret pc=0x00007f6540a13b64 method=com.sun.org.apache.xerces.internal.impl.XMLEntityScanner.skipSpaces()Z @ 85 c2
Event: 70,312 Thread 0x00007f6550015800 Uncommon trap: reason=unstable_if action=reinterpret pc=0x00007f6540a00298 method=com.sun.org.apache.xerces.internal.impl.XMLEntityScanner.scanContent(Lcom/sun/org/apache/xerces/internal/xni/XMLString;)I @ 127 c2
Event: 71,458 Thread 0x00007f6550015800 Uncommon trap: reason=unstable_if action=reinterpret pc=0x00007f6540a1f224 method=com.sun.org.apache.xerces.internal.impl.XMLEntityScanner.scanName(Lcom/sun/org/apache/xerces/internal/impl/XMLScanner$NameType;)Ljava/lang/String; @ 69 c2
Event: 74,215 Thread 0x00007f6550015800 Uncommon trap: reason=unstable_if action=reinterpret pc=0x00007f6540a27528 method=com.sun.org.apache.xerces.internal.impl.XMLEntityScanner.scanLiteral(ILcom/sun/org/apache/xerces/internal/xni/XMLString;Z)I @ 562 c2
Event: 75,195 Thread 0x00007f6550015800 Uncommon trap: reason=unstable_if action=reinterpret pc=0x00007f6540a0cd20 method=com.sun.org.apache.xml.internal.dtm.ref.DTMDefaultBase.ensureSizeOfIndex(II)V @ 164 c2
Event: 75,287 Thread 0x00007f6550015800 Uncommon trap: reason=unstable_if action=reinterpret pc=0x00007f6540a189e0 method=com.sun.org.apache.xml.internal.dtm.ref.DTMDefaultBase.ensureSizeOfIndex(II)V @ 164 c2
Event: 78,067 Thread 0x00007f6550015800 Uncommon trap: reason=unstable_if action=reinterpret pc=0x00007f6540aa5e58 method=com.sun.org.apache.xerces.internal.dom.DocumentTypeImpl.getElements()Lorg/w3c/dom/NamedNodeMap; @ 4 c2

Classes redefined (0 events):
No events

Internal exceptions (10 events):
Event: 55,487 Thread 0x00007f6550015800 Exception <a 'java/io/FileNotFoundException'{0x000000071577a590}> (0x000000071577a590) thrown at [/scratch/opt/mach5/mesos/work_dir/slaves/ae206c0d-865c-4d69-a16b-c4e90bf2719f-S646/frameworks/1735e8a2-a1db-478c-8104-60c8b0af87dd-0196/executors/9e8e1abd-20
Event: 55,489 Thread 0x00007f6550015800 Exception <a 'java/io/FileNotFoundException'{0x000000071577b970}> (0x000000071577b970) thrown at [/scratch/opt/mach5/mesos/work_dir/slaves/ae206c0d-865c-4d69-a16b-c4e90bf2719f-S646/frameworks/1735e8a2-a1db-478c-8104-60c8b0af87dd-0196/executors/9e8e1abd-20
Event: 56,854 Thread 0x00007f6550015800 Exception <a 'java/lang/NoSuchMethodError'{0x0000000713640e18}: java.lang.invoke.DirectMethodHandle$Holder.invokeStatic(Ljava/lang/Object;Ljava/lang/Object;Ljava/lang/Object;Ljava/lang/Object;Ljava/lang/Object;)I> (0x0000000713640e18) thrown at [/scratch/
Event: 59,265 Thread 0x00007f6550015800 Exception <a 'java/lang/NoSuchMethodError'{0x0000000712ef69e8}: java.lang.invoke.Invokers$Holder.invoke_MT(Ljava/lang/Object;Ljava/lang/Object;)V> (0x0000000712ef69e8) thrown at [/scratch/opt/mach5/mesos/work_dir/slaves/ae206c0d-865c-4d69-a16b-c4e90bf2719
Event: 64,746 Thread 0x00007f6550015800 Exception <a 'java/lang/NoSuchMethodError'{0x0000000710dc5890}: java.lang.invoke.DirectMethodHandle$Holder.invokeStaticInit(Ljava/lang/Object;)V> (0x0000000710dc5890) thrown at [/scratch/opt/mach5/mesos/work_dir/slaves/ae206c0d-865c-4d69-a16b-c4e90bf2719f
Event: 64,764 Thread 0x00007f6550015800 Exception <a 'java/lang/NoSuchMethodError'{0x0000000710de7870}: org.slf4j.impl.StaticMarkerBinder.getSingleton()Lorg/slf4j/impl/StaticMarkerBinder;> (0x0000000710de7870) thrown at [/scratch/opt/mach5/mesos/work_dir/slaves/ae206c0d-865c-4d69-a16b-c4e90bf27
Event: 68,534 Thread 0x00007f6550274800 Implicit null exception at 0x00007f6539b599bb to 0x00007f6539b59a9d
Event: 68,534 Thread 0x00007f6550274800 Exception <a 'java/lang/NullPointerException'{0x0000000719180810}> (0x0000000719180810) thrown at [/scratch/opt/mach5/mesos/work_dir/slaves/ae206c0d-865c-4d69-a16b-c4e90bf2719f-S646/frameworks/1735e8a2-a1db-478c-8104-60c8b0af87dd-0196/executors/9e8e1abd-2
Event: 68,534 Thread 0x00007f6550274800 Implicit null exception at 0x00007f6539b599bb to 0x00007f6539b59a9d
Event: 68,534 Thread 0x00007f6550274800 Exception <a 'java/lang/NullPointerException'{0x0000000719180ae0}> (0x0000000719180ae0) thrown at [/scratch/opt/mach5/mesos/work_dir/slaves/ae206c0d-865c-4d69-a16b-c4e90bf2719f-S646/frameworks/1735e8a2-a1db-478c-8104-60c8b0af87dd-0196/executors/9e8e1abd-2

Events (10 events):
Event: 78,073 loading class org/camunda/bpm/engine/impl/persistence/entity/FilterEntity done
Event: 78,076 loading class org/camunda/bpm/engine/filter/Filter
Event: 78,076 loading class org/camunda/bpm/engine/filter/Filter done
Event: 78,080 loading class org/camunda/bpm/engine/impl/json/JsonTaskQueryConverter
Event: 78,080 loading class org/camunda/bpm/engine/impl/json/JsonTaskQueryConverter done
Event: 78,111 loading class org/camunda/bpm/engine/impl/json/JsonTaskQueryVariableValueConverter
Event: 78,111 loading class org/camunda/bpm/engine/impl/json/JsonTaskQueryVariableValueConverter done
Event: 78,167 loading class org/camunda/bpm/engine/impl/filter/FilterQueryImpl
Event: 78,167 loading class org/camunda/bpm/engine/impl/filter/FilterQueryImpl done
Event: 78,317 Executing VM operation: G1CollectForAllocation


Dynamic libraries:
00400000-00401000 r-xp 00000000 08:06 928050                             /usr/lib/jvm/jdk-11.0.4/bin/java
00600000-00601000 r--p 00000000 08:06 928050                             /usr/lib/jvm/jdk-11.0.4/bin/java
00601000-00602000 rw-p 00001000 08:06 928050                             /usr/lib/jvm/jdk-11.0.4/bin/java
020cc000-020ed000 rw-p 00000000 00:00 0                                  [heap]
706600000-719200000 rw-p 00000000 00:00 0 
719200000-800000000 ---p 00000000 00:00 0 
800000000-800780000 rw-p 00000000 00:00 0 
800780000-840000000 ---p 00000000 00:00 0 
7f64a4000000-7f64a4390000 rw-p 00000000 00:00 0 
7f64a4390000-7f64a8000000 ---p 00000000 00:00 0 
7f64abe00000-7f64abfe0000 rw-p 00000000 00:00 0 
7f64abfe0000-7f64ac000000 ---p 00000000 00:00 0 
7f64ac000000-7f64ac021000 rw-p 00000000 00:00 0 
7f64ac021000-7f64b0000000 ---p 00000000 00:00 0 
7f64b0000000-7f64b0021000 rw-p 00000000 00:00 0 
7f64b0021000-7f64b4000000 ---p 00000000 00:00 0 
7f64b4000000-7f64b4021000 rw-p 00000000 00:00 0 
7f64b4021000-7f64b8000000 ---p 00000000 00:00 0 
7f64b8000000-7f64b8021000 rw-p 00000000 00:00 0 
7f64b8021000-7f64bc000000 ---p 00000000 00:00 0 
7f64bc000000-7f64bdab5000 rw-p 00000000 00:00 0 
7f64bdab5000-7f64c0000000 ---p 00000000 00:00 0 
7f64c0000000-7f64c0021000 rw-p 00000000 00:00 0 
7f64c0021000-7f64c4000000 ---p 00000000 00:00 0 
7f64c4000000-7f64c4361000 rw-p 00000000 00:00 0 
7f64c4361000-7f64c8000000 ---p 00000000 00:00 0 
7f64c8000000-7f64c93c5000 rw-p 00000000 00:00 0 
7f64c93c5000-7f64cc000000 ---p 00000000 00:00 0 
7f64cc000000-7f64cc021000 rw-p 00000000 00:00 0 
7f64cc021000-7f64d0000000 ---p 00000000 00:00 0 
7f64d0000000-7f64d0384000 rw-p 00000000 00:00 0 
7f64d0384000-7f64d4000000 ---p 00000000 00:00 0 
7f64d4000000-7f64d4021000 rw-p 00000000 00:00 0 
7f64d4021000-7f64d8000000 ---p 00000000 00:00 0 
7f64d8000000-7f64d8032000 rw-p 00000000 00:00 0 
7f64d8032000-7f64dc000000 ---p 00000000 00:00 0 
7f64dc000000-7f64dc2b8000 rw-p 00000000 00:00 0 
7f64dc2b8000-7f64e0000000 ---p 00000000 00:00 0 
7f64e03aa000-7f64e05aa000 rw-p 00000000 00:00 0 
7f64e05aa000-7f64e07aa000 rw-p 00000000 00:00 0 
7f64e07aa000-7f64e09aa000 rw-p 00000000 00:00 0 
7f64e09aa000-7f64e0baa000 rw-p 00000000 00:00 0 
7f64e0baa000-7f64e0bab000 ---p 00000000 00:00 0 
7f64e0bab000-7f64e0cac000 rw-p 00000000 00:00 0 
7f64e0cac000-7f64e0cad000 ---p 00000000 00:00 0 
7f64e0cad000-7f64e0fae000 rw-p 00000000 00:00 0 
7f64e0fae000-7f64e0fb2000 ---p 00000000 00:00 0 
7f64e0fb2000-7f64e10af000 rw-p 00000000 00:00 0 
7f64e10af000-7f64e10b3000 ---p 00000000 00:00 0 
7f64e10b3000-7f64e11b0000 rw-p 00000000 00:00 0 
7f64e11b0000-7f64e11b4000 ---p 00000000 00:00 0 
7f64e11b4000-7f64e12b1000 rw-p 00000000 00:00 0 
7f64e12b1000-7f64e12b5000 ---p 00000000 00:00 0 
7f64e12b5000-7f64e13b2000 rw-p 00000000 00:00 0 
7f64e13b2000-7f64e13b6000 ---p 00000000 00:00 0 
7f64e13b6000-7f64e16b3000 rw-p 00000000 00:00 0 
7f64e16b3000-7f64e18b3000 rw-p 00000000 00:00 0 
7f64e18b3000-7f64e1ab3000 rw-p 00000000 00:00 0 
7f64e1ab3000-7f64e1cb3000 rw-p 00000000 00:00 0 
7f64e1cb3000-7f64e1eb3000 rw-p 00000000 00:00 0 
7f64e1ee8000-7f64e20e8000 rw-p 00000000 00:00 0 
7f64e20e8000-7f64e22e8000 rw-p 00000000 00:00 0 
7f64e22e8000-7f64e22ec000 ---p 00000000 00:00 0 
7f64e22ec000-7f64e25e9000 rw-p 00000000 00:00 0 
7f64e25e9000-7f64e27e9000 rw-p 00000000 00:00 0 
7f64e27e9000-7f64e29e9000 rw-p 00000000 00:00 0 
7f64e29e9000-7f64e29ea000 ---p 00000000 00:00 0 
7f64e29ea000-7f64e2ceb000 rw-p 00000000 00:00 0 
7f64e2ceb000-7f64e2eeb000 rw-p 00000000 00:00 0 
7f64e2eeb000-7f64e2ef0000 r-xp 00000000 08:06 1064437                    /usr/lib/jvm/jdk-11.0.4/lib/libmanagement_ext.so
7f64e2ef0000-7f64e30ef000 ---p 00005000 08:06 1064437                    /usr/lib/jvm/jdk-11.0.4/lib/libmanagement_ext.so
7f64e30ef000-7f64e30f0000 r--p 00004000 08:06 1064437                    /usr/lib/jvm/jdk-11.0.4/lib/libmanagement_ext.so
7f64e30f0000-7f64e30f1000 rw-p 00005000 08:06 1064437                    /usr/lib/jvm/jdk-11.0.4/lib/libmanagement_ext.so
7f64e30f1000-7f64e30f5000 r-xp 00000000 08:06 1064435                    /usr/lib/jvm/jdk-11.0.4/lib/libmanagement.so
7f64e30f5000-7f64e32f4000 ---p 00004000 08:06 1064435                    /usr/lib/jvm/jdk-11.0.4/lib/libmanagement.so
7f64e32f4000-7f64e32f5000 r--p 00003000 08:06 1064435                    /usr/lib/jvm/jdk-11.0.4/lib/libmanagement.so
7f64e32f5000-7f64e32f6000 rw-p 00004000 08:06 1064435                    /usr/lib/jvm/jdk-11.0.4/lib/libmanagement.so
7f64e32f6000-7f64e34f6000 rw-p 00000000 00:00 0 
7f64e34f6000-7f64e36f6000 rw-p 00000000 00:00 0 
7f64e36f6000-7f64e38f6000 rw-p 00000000 00:00 0 
7f64e38f6000-7f64e38f7000 ---p 00000000 00:00 0 
7f64e38f7000-7f64e39f8000 rw-p 00000000 00:00 0 
7f64e39f8000-7f64e39f9000 ---p 00000000 00:00 0 
7f64e39f9000-7f64e3afa000 rw-p 00000000 00:00 0 
7f64e3afa000-7f64e3afb000 ---p 00000000 00:00 0 
7f64e3afb000-7f64e3bfc000 rw-p 00000000 00:00 0 
7f64e3bfc000-7f64e3bfd000 ---p 00000000 00:00 0 
7f64e3bfd000-7f64e3cfe000 rw-p 00000000 00:00 0 
7f64e3cfe000-7f64e3cff000 ---p 00000000 00:00 0 
7f64e3cff000-7f64e4000000 rw-p 00000000 00:00 0 
7f64e4000000-7f64e4043000 rw-p 00000000 00:00 0 
7f64e4043000-7f64e8000000 ---p 00000000 00:00 0 
7f64e8000000-7f64e849b000 rw-p 00000000 00:00 0 
7f64e849b000-7f64ec000000 ---p 00000000 00:00 0 
7f64ec000000-7f64ec021000 rw-p 00000000 00:00 0 
7f64ec021000-7f64f0000000 ---p 00000000 00:00 0 
7f64f0000000-7f64f0021000 rw-p 00000000 00:00 0 
7f64f0021000-7f64f4000000 ---p 00000000 00:00 0 
7f64f4000000-7f64f4021000 rw-p 00000000 00:00 0 
7f64f4021000-7f64f8000000 ---p 00000000 00:00 0 
7f64f8000000-7f64f8059000 rw-p 00000000 00:00 0 
7f64f8059000-7f64fc000000 ---p 00000000 00:00 0 
7f64fc000000-7f64fc974000 rw-p 00000000 00:00 0 
7f64fc974000-7f6500000000 ---p 00000000 00:00 0 
7f6500000000-7f6500021000 rw-p 00000000 00:00 0 
7f6500021000-7f6504000000 ---p 00000000 00:00 0 
7f6504000000-7f6504021000 rw-p 00000000 00:00 0 
7f6504021000-7f6508000000 ---p 00000000 00:00 0 
7f6508000000-7f6509e0e000 rw-p 00000000 00:00 0 
7f6509e0e000-7f650c000000 ---p 00000000 00:00 0 
7f650c000000-7f650c021000 rw-p 00000000 00:00 0 
7f650c021000-7f6510000000 ---p 00000000 00:00 0 
7f6510000000-7f6510021000 rw-p 00000000 00:00 0 
7f6510021000-7f6514000000 ---p 00000000 00:00 0 
7f6514000000-7f6514021000 rw-p 00000000 00:00 0 
7f6514021000-7f6518000000 ---p 00000000 00:00 0 
7f6518000000-7f65180bf000 rw-p 00000000 00:00 0 
7f65180bf000-7f651c000000 ---p 00000000 00:00 0 
7f651c000000-7f651c021000 rw-p 00000000 00:00 0 
7f651c021000-7f6520000000 ---p 00000000 00:00 0 
7f6520000000-7f6520021000 rw-p 00000000 00:00 0 
7f6520021000-7f6524000000 ---p 00000000 00:00 0 
7f65240e5000-7f65240e9000 ---p 00000000 00:00 0 
7f65240e9000-7f65241e6000 rw-p 00000000 00:00 0 
7f65241e6000-7f65241ea000 ---p 00000000 00:00 0 
7f65241ea000-7f65242e7000 rw-p 00000000 00:00 0 
7f65242e7000-7f65242eb000 ---p 00000000 00:00 0 
7f65242eb000-7f65243e8000 rw-p 00000000 00:00 0 
7f65243e8000-7f65243ea000 r-xp 00000000 08:06 1064420                    /usr/lib/jvm/jdk-11.0.4/lib/libextnet.so
7f65243ea000-7f65245e9000 ---p 00002000 08:06 1064420                    /usr/lib/jvm/jdk-11.0.4/lib/libextnet.so
7f65245e9000-7f65245ea000 r--p 00001000 08:06 1064420                    /usr/lib/jvm/jdk-11.0.4/lib/libextnet.so
7f65245ea000-7f65245eb000 rw-p 00002000 08:06 1064420                    /usr/lib/jvm/jdk-11.0.4/lib/libextnet.so
7f65245eb000-7f65245ec000 ---p 00000000 00:00 0 
7f65245ec000-7f65246ed000 rw-p 00000000 00:00 0 
7f65246ed000-7f65246f1000 ---p 00000000 00:00 0 
7f65246f1000-7f65247ee000 rw-p 00000000 00:00 0 
7f65247ee000-7f65247f2000 ---p 00000000 00:00 0 
7f65247f2000-7f65248ef000 rw-p 00000000 00:00 0 
7f65248ef000-7f6524905000 r-xp 00000000 08:06 1064439                    /usr/lib/jvm/jdk-11.0.4/lib/libnet.so
7f6524905000-7f6524b05000 ---p 00016000 08:06 1064439                    /usr/lib/jvm/jdk-11.0.4/lib/libnet.so
7f6524b05000-7f6524b06000 r--p 00016000 08:06 1064439                    /usr/lib/jvm/jdk-11.0.4/lib/libnet.so
7f6524b06000-7f6524b07000 rw-p 00017000 08:06 1064439                    /usr/lib/jvm/jdk-11.0.4/lib/libnet.so
7f6524b07000-7f6524b17000 r-xp 00000000 08:06 1064440                    /usr/lib/jvm/jdk-11.0.4/lib/libnio.so
7f6524b17000-7f6524d16000 ---p 00010000 08:06 1064440                    /usr/lib/jvm/jdk-11.0.4/lib/libnio.so
7f6524d16000-7f6524d17000 r--p 0000f000 08:06 1064440                    /usr/lib/jvm/jdk-11.0.4/lib/libnio.so
7f6524d17000-7f6524d18000 rw-p 00010000 08:06 1064440                    /usr/lib/jvm/jdk-11.0.4/lib/libnio.so
7f6524d18000-7f6524d1c000 ---p 00000000 00:00 0 
7f6524d1c000-7f6524e19000 rw-p 00000000 00:00 0 
7f6524e19000-7f6524e1d000 ---p 00000000 00:00 0 
7f6524e1d000-7f6524f1a000 rw-p 00000000 00:00 0 
7f6524f1a000-7f6524f1e000 ---p 00000000 00:00 0 
7f6524f1e000-7f652501b000 rw-p 00000000 00:00 0 
7f652501b000-7f652501f000 ---p 00000000 00:00 0 
7f652501f000-7f652511c000 rw-p 00000000 00:00 0 
7f652511c000-7f6525120000 ---p 00000000 00:00 0 
7f6525120000-7f652521d000 rw-p 00000000 00:00 0 
7f652521d000-7f65254fc000 r--p 00000000 08:06 22288162                   /usr/lib/locale/locale-archive
7f65254fc000-7f6525500000 ---p 00000000 00:00 0 
7f6525500000-7f65255fd000 rw-p 00000000 00:00 0 
7f65255fd000-7f6525601000 ---p 00000000 00:00 0 
7f6525601000-7f65256fe000 rw-p 00000000 00:00 0 
7f65256fe000-7f65256ff000 ---p 00000000 00:00 0 
7f65256ff000-7f6528000000 rw-p 00000000 00:00 0 
7f6528000000-7f6528021000 rw-p 00000000 00:00 0 
7f6528021000-7f652c000000 ---p 00000000 00:00 0 
7f652c02b000-7f652c02c000 ---p 00000000 00:00 0 
7f652c02c000-7f652c12d000 rw-p 00000000 00:00 0 
7f652c12d000-7f652c12e000 ---p 00000000 00:00 0 
7f652c12e000-7f652c7e0000 rw-p 00000000 00:00 0 
7f652c7e0000-7f6530198000 ---p 00000000 00:00 0 
7f6530198000-7f6530648000 rw-p 00000000 00:00 0 
7f6530648000-7f6534000000 ---p 00000000 00:00 0 
7f6534000000-7f6534021000 rw-p 00000000 00:00 0 
7f6534021000-7f6538000000 ---p 00000000 00:00 0 
7f653804f000-7f65384e9000 rw-p 00000000 00:00 0 
7f65384e9000-7f6538c20000 ---p 00000000 00:00 0 
7f6538c20000-7f6538e90000 rwxp 00000000 00:00 0 
7f6538e90000-7f65391b1000 ---p 00000000 00:00 0 
7f65391b1000-7f6539ed1000 rwxp 00000000 00:00 0 
7f6539ed1000-7f65406e8000 ---p 00000000 00:00 0 
7f65406e8000-7f6540ab8000 rwxp 00000000 00:00 0 
7f6540ab8000-7f6547c20000 ---p 00000000 00:00 0 
7f6547c20000-7f6550000000 r--s 00000000 08:06 1064450                    /usr/lib/jvm/jdk-11.0.4/lib/modules
7f6550000000-7f6552204000 rw-p 00000000 00:00 0 
7f6552204000-7f6554000000 ---p 00000000 00:00 0 
7f65540e0000-7f65543e3000 rw-p 00000000 00:00 0 
7f65543e3000-7f65543e4000 ---p 00000000 00:00 0 
7f65543e4000-7f65544e5000 rw-p 00000000 00:00 0 
7f65544e5000-7f65544e6000 ---p 00000000 00:00 0 
7f65544e6000-7f655477f000 rw-p 00000000 00:00 0 
7f655477f000-7f6554eb6000 ---p 00000000 00:00 0 
7f6554eb6000-7f6554f4c000 rw-p 00000000 00:00 0 
7f6554f4c000-7f6555683000 ---p 00000000 00:00 0 
7f6555683000-7f6555e8b000 rw-p 00000000 00:00 0 
7f6555e8b000-7f6555e8c000 ---p 00000000 00:00 0 
7f6555e8c000-7f6555f95000 rw-p 00000000 00:00 0 
7f6555f95000-7f6556078000 ---p 00000000 00:00 0 
7f6556078000-7f6556093000 rw-p 00000000 00:00 0 
7f6556093000-7f6556163000 ---p 00000000 00:00 0 
7f6556163000-7f655617e000 r-xp 00000000 08:06 1064431                    /usr/lib/jvm/jdk-11.0.4/lib/libjimage.so
7f655617e000-7f655637d000 ---p 0001b000 08:06 1064431                    /usr/lib/jvm/jdk-11.0.4/lib/libjimage.so
7f655637d000-7f655637f000 r--p 0001a000 08:06 1064431                    /usr/lib/jvm/jdk-11.0.4/lib/libjimage.so
7f655637f000-7f6556380000 rw-p 0001c000 08:06 1064431                    /usr/lib/jvm/jdk-11.0.4/lib/libjimage.so
7f6556380000-7f6556387000 r-xp 00000000 08:06 1064449                    /usr/lib/jvm/jdk-11.0.4/lib/libzip.so
7f6556387000-7f6556586000 ---p 00007000 08:06 1064449                    /usr/lib/jvm/jdk-11.0.4/lib/libzip.so
7f6556586000-7f6556587000 r--p 00006000 08:06 1064449                    /usr/lib/jvm/jdk-11.0.4/lib/libzip.so
7f6556587000-7f6556588000 rw-p 00007000 08:06 1064449                    /usr/lib/jvm/jdk-11.0.4/lib/libzip.so
7f6556588000-7f6556593000 r-xp 00000000 08:06 20452213                   /lib/x86_64-linux-gnu/libnss_files-2.27.so
7f6556593000-7f6556792000 ---p 0000b000 08:06 20452213                   /lib/x86_64-linux-gnu/libnss_files-2.27.so
7f6556792000-7f6556793000 r--p 0000a000 08:06 20452213                   /lib/x86_64-linux-gnu/libnss_files-2.27.so
7f6556793000-7f6556794000 rw-p 0000b000 08:06 20452213                   /lib/x86_64-linux-gnu/libnss_files-2.27.so
7f6556794000-7f655679a000 rw-p 00000000 00:00 0 
7f655679a000-7f65567b1000 r-xp 00000000 08:06 20452207                   /lib/x86_64-linux-gnu/libnsl-2.27.so
7f65567b1000-7f65569b0000 ---p 00017000 08:06 20452207                   /lib/x86_64-linux-gnu/libnsl-2.27.so
7f65569b0000-7f65569b1000 r--p 00016000 08:06 20452207                   /lib/x86_64-linux-gnu/libnsl-2.27.so
7f65569b1000-7f65569b2000 rw-p 00017000 08:06 20452207                   /lib/x86_64-linux-gnu/libnsl-2.27.so
7f65569b2000-7f65569b4000 rw-p 00000000 00:00 0 
7f65569b4000-7f65569bf000 r-xp 00000000 08:06 20452224                   /lib/x86_64-linux-gnu/libnss_nis-2.27.so
7f65569bf000-7f6556bbe000 ---p 0000b000 08:06 20452224                   /lib/x86_64-linux-gnu/libnss_nis-2.27.so
7f6556bbe000-7f6556bbf000 r--p 0000a000 08:06 20452224                   /lib/x86_64-linux-gnu/libnss_nis-2.27.so
7f6556bbf000-7f6556bc0000 rw-p 0000b000 08:06 20452224                   /lib/x86_64-linux-gnu/libnss_nis-2.27.so
7f6556bc0000-7f6556bc8000 r-xp 00000000 08:06 20452209                   /lib/x86_64-linux-gnu/libnss_compat-2.27.so
7f6556bc8000-7f6556dc8000 ---p 00008000 08:06 20452209                   /lib/x86_64-linux-gnu/libnss_compat-2.27.so
7f6556dc8000-7f6556dc9000 r--p 00008000 08:06 20452209                   /lib/x86_64-linux-gnu/libnss_compat-2.27.so
7f6556dc9000-7f6556dca000 rw-p 00009000 08:06 20452209                   /lib/x86_64-linux-gnu/libnss_compat-2.27.so
7f6556dca000-7f6556dd4000 r-xp 00000000 08:06 1064422                    /usr/lib/jvm/jdk-11.0.4/lib/libinstrument.so
7f6556dd4000-7f6556fd3000 ---p 0000a000 08:06 1064422                    /usr/lib/jvm/jdk-11.0.4/lib/libinstrument.so
7f6556fd3000-7f6556fd4000 r--p 00009000 08:06 1064422                    /usr/lib/jvm/jdk-11.0.4/lib/libinstrument.so
7f6556fd4000-7f6556fd5000 rw-p 0000a000 08:06 1064422                    /usr/lib/jvm/jdk-11.0.4/lib/libinstrument.so
7f6556fd5000-7f6556ffe000 r-xp 00000000 08:06 1064427                    /usr/lib/jvm/jdk-11.0.4/lib/libjava.so
7f6556ffe000-7f65571fe000 ---p 00029000 08:06 1064427                    /usr/lib/jvm/jdk-11.0.4/lib/libjava.so
7f65571fe000-7f65571ff000 r--p 00029000 08:06 1064427                    /usr/lib/jvm/jdk-11.0.4/lib/libjava.so
7f65571ff000-7f6557201000 rw-p 0002a000 08:06 1064427                    /usr/lib/jvm/jdk-11.0.4/lib/libjava.so
7f6557201000-7f655720e000 r-xp 00000000 08:06 1064448                    /usr/lib/jvm/jdk-11.0.4/lib/libverify.so
7f655720e000-7f655740d000 ---p 0000d000 08:06 1064448                    /usr/lib/jvm/jdk-11.0.4/lib/libverify.so
7f655740d000-7f655740f000 r--p 0000c000 08:06 1064448                    /usr/lib/jvm/jdk-11.0.4/lib/libverify.so
7f655740f000-7f6557410000 rw-p 0000e000 08:06 1064448                    /usr/lib/jvm/jdk-11.0.4/lib/libverify.so
7f6557410000-7f6557417000 r-xp 00000000 08:06 20452264                   /lib/x86_64-linux-gnu/librt-2.27.so
7f6557417000-7f6557616000 ---p 00007000 08:06 20452264                   /lib/x86_64-linux-gnu/librt-2.27.so
7f6557616000-7f6557617000 r--p 00006000 08:06 20452264                   /lib/x86_64-linux-gnu/librt-2.27.so
7f6557617000-7f6557618000 rw-p 00007000 08:06 20452264                   /lib/x86_64-linux-gnu/librt-2.27.so
7f6557618000-7f65577b5000 r-xp 00000000 08:06 20452186                   /lib/x86_64-linux-gnu/libm-2.27.so
7f65577b5000-7f65579b4000 ---p 0019d000 08:06 20452186                   /lib/x86_64-linux-gnu/libm-2.27.so
7f65579b4000-7f65579b5000 r--p 0019c000 08:06 20452186                   /lib/x86_64-linux-gnu/libm-2.27.so
7f65579b5000-7f65579b6000 rw-p 0019d000 08:06 20452186                   /lib/x86_64-linux-gnu/libm-2.27.so
7f65579b6000-7f6558af6000 r-xp 00000000 08:06 1321893                    /usr/lib/jvm/jdk-11.0.4/lib/server/libjvm.so
7f6558af6000-7f6558cf5000 ---p 01140000 08:06 1321893                    /usr/lib/jvm/jdk-11.0.4/lib/server/libjvm.so
7f6558cf5000-7f6558db4000 r--p 0113f000 08:06 1321893                    /usr/lib/jvm/jdk-11.0.4/lib/server/libjvm.so
7f6558db4000-7f6558ded000 rw-p 011fe000 08:06 1321893                    /usr/lib/jvm/jdk-11.0.4/lib/server/libjvm.so
7f6558ded000-7f6558e44000 rw-p 00000000 00:00 0 
7f6558e44000-7f655902b000 r-xp 00000000 08:06 20452123                   /lib/x86_64-linux-gnu/libc-2.27.so
7f655902b000-7f655922b000 ---p 001e7000 08:06 20452123                   /lib/x86_64-linux-gnu/libc-2.27.so
7f655922b000-7f655922f000 r--p 001e7000 08:06 20452123                   /lib/x86_64-linux-gnu/libc-2.27.so
7f655922f000-7f6559231000 rw-p 001eb000 08:06 20452123                   /lib/x86_64-linux-gnu/libc-2.27.so
7f6559231000-7f6559235000 rw-p 00000000 00:00 0 
7f6559235000-7f6559238000 r-xp 00000000 08:06 20452146                   /lib/x86_64-linux-gnu/libdl-2.27.so
7f6559238000-7f6559437000 ---p 00003000 08:06 20452146                   /lib/x86_64-linux-gnu/libdl-2.27.so
7f6559437000-7f6559438000 r--p 00002000 08:06 20452146                   /lib/x86_64-linux-gnu/libdl-2.27.so
7f6559438000-7f6559439000 rw-p 00003000 08:06 20452146                   /lib/x86_64-linux-gnu/libdl-2.27.so
7f6559439000-7f6559449000 r-xp 00000000 08:06 1321883                    /usr/lib/jvm/jdk-11.0.4/lib/jli/libjli.so
7f6559449000-7f6559648000 ---p 00010000 08:06 1321883                    /usr/lib/jvm/jdk-11.0.4/lib/jli/libjli.so
7f6559648000-7f6559649000 r--p 0000f000 08:06 1321883                    /usr/lib/jvm/jdk-11.0.4/lib/jli/libjli.so
7f6559649000-7f655964a000 rw-p 00010000 08:06 1321883                    /usr/lib/jvm/jdk-11.0.4/lib/jli/libjli.so
7f655964a000-7f6559664000 r-xp 00000000 08:06 20452256                   /lib/x86_64-linux-gnu/libpthread-2.27.so
7f6559664000-7f6559863000 ---p 0001a000 08:06 20452256                   /lib/x86_64-linux-gnu/libpthread-2.27.so
7f6559863000-7f6559864000 r--p 00019000 08:06 20452256                   /lib/x86_64-linux-gnu/libpthread-2.27.so
7f6559864000-7f6559865000 rw-p 0001a000 08:06 20452256                   /lib/x86_64-linux-gnu/libpthread-2.27.so
7f6559865000-7f6559869000 rw-p 00000000 00:00 0 
7f6559869000-7f6559885000 r-xp 00000000 08:06 20452297                   /lib/x86_64-linux-gnu/libz.so.1.2.11
7f6559885000-7f6559a84000 ---p 0001c000 08:06 20452297                   /lib/x86_64-linux-gnu/libz.so.1.2.11
7f6559a84000-7f6559a85000 r--p 0001b000 08:06 20452297                   /lib/x86_64-linux-gnu/libz.so.1.2.11
7f6559a85000-7f6559a86000 rw-p 0001c000 08:06 20452297                   /lib/x86_64-linux-gnu/libz.so.1.2.11
7f6559a86000-7f6559aad000 r-xp 00000000 08:06 20452095                   /lib/x86_64-linux-gnu/ld-2.27.so
7f6559ab3000-7f6559b8f000 rw-p 00000000 00:00 0 
7f6559b8f000-7f6559b93000 ---p 00000000 00:00 0 
7f6559b93000-7f6559c94000 rw-p 00000000 00:00 0 
7f6559c97000-7f6559c9c000 rw-p 00000000 00:00 0 
7f6559c9c000-7f6559ca3000 ---p 00000000 00:00 0 
7f6559ca3000-7f6559cab000 rw-s 00000000 08:06 8651152                    /tmp/hsperfdata_simon/32134
7f6559cab000-7f6559cac000 ---p 00000000 00:00 0 
7f6559cac000-7f6559cad000 r--p 00000000 00:00 0 
7f6559cad000-7f6559cae000 r--p 00027000 08:06 20452095                   /lib/x86_64-linux-gnu/ld-2.27.so
7f6559cae000-7f6559caf000 rw-p 00028000 08:06 20452095                   /lib/x86_64-linux-gnu/ld-2.27.so
7f6559caf000-7f6559cb0000 rw-p 00000000 00:00 0 
7ffe8c643000-7ffe8c667000 rw-p 00000000 00:00 0                          [stack]
7ffe8c698000-7ffe8c69b000 r--p 00000000 00:00 0                          [vvar]
7ffe8c69b000-7ffe8c69d000 r-xp 00000000 00:00 0                          [vdso]
ffffffffff600000-ffffffffff601000 r-xp 00000000 00:00 0                  [vsyscall]


VM Arguments:
jvm_args: -javaagent:/home/simon/dev/idea-IC-193.6015.39/lib/idea_rt.jar=36343:/home/simon/dev/idea-IC-193.6015.39/bin -Dfile.encoding=UTF-8 
java_command: com.foo.spring.boot.camunda.SpringBootCamundaApplication
java_class_path (initial): /home/simon/Bureau/Camunda Summit/spring.boot.camunda/target/classes:/home/simon/.m2/repository/org/springframework/boot/spring-boot-starter-web/2.4.5/spring-boot-starter-web-2.4.5.jar:/home/simon/.m2/repository/org/springframework/boot/spring-boot-starter/2.4.5/spring-boot-starter-2.4.5.jar:/home/simon/.m2/repository/org/springframework/boot/spring-boot/2.4.5/spring-boot-2.4.5.jar:/home/simon/.m2/repository/org/springframework/boot/spring-boot-autoconfigure/2.4.5/spring-boot-autoconfigure-2.4.5.jar:/home/simon/.m2/repository/org/springframework/boot/spring-boot-starter-logging/2.4.5/spring-boot-starter-logging-2.4.5.jar:/home/simon/.m2/repository/ch/qos/logback/logback-classic/1.2.3/logback-classic-1.2.3.jar:/home/simon/.m2/repository/ch/qos/logback/logback-core/1.2.3/logback-core-1.2.3.jar:/home/simon/.m2/repository/org/apache/logging/log4j/log4j-to-slf4j/2.13.3/log4j-to-slf4j-2.13.3.jar:/home/simon/.m2/repository/org/apache/logging/log4j/log4j-api/2.13.3/log4j-api-2.13.3.jar:/home/simon/.m2/repository/org/slf4j/jul-to-slf4j/1.7.30/jul-to-slf4j-1.7.30.jar:/home/simon/.m2/repository/jakarta/annotation/jakarta.annotation-api/1.3.5/jakarta.annotation-api-1.3.5.jar:/home/simon/.m2/repository/org/yaml/snakeyaml/1.27/snakeyaml-1.27.jar:/home/simon/.m2/repository/org/springframework/boot/spring-boot-starter-json/2.4.5/spring-boot-starter-json-2.4.5.jar:/home/simon/.m2/repository/com/fasterxml/jackson/core/jackson-databind/2.11.4/jackson-databind-2.11.4.jar:/home/simon/.m2/repository/com/fasterxml/jackson/datatype/jackson-datatype-jdk8/2.11.4/jackson-datatype-jdk8-2.11.4.jar:/home/simon/.m2/repository/com/fasterxml/jackson/datatype/jackson-datatype-jsr310/2.11.4/jackson-datatype-jsr310-2.11.4.jar:/home/simon/.m2/repository/com/fasterxml/jackson/module/jackson-module-parameter-names/2.11.4/jackson-module-parameter-names-2.11.4.jar:/home/simon/.m2/repository/org/springframework/boot/spring-boot-starter-tomcat/2.4.5/spring-boot-starter-tomcat-2.4
Launcher Type: SUN_STANDARD

[Global flags]
     intx CICompilerCount                          = 4                                         {product} {ergonomic}
     uint ConcGCThreads                            = 2                                         {product} {ergonomic}
     uint G1ConcRefinementThreads                  = 8                                         {product} {ergonomic}
   size_t G1HeapRegionSize                         = 1048576                                   {product} {ergonomic}
    uintx GCDrainStackTargetSize                   = 64                                        {product} {ergonomic}
   size_t InitialHeapSize                          = 262144000                                 {product} {ergonomic}
   size_t MarkStackSize                            = 4194304                                   {product} {ergonomic}
   size_t MaxHeapSize                              = 4188012544                                {product} {ergonomic}
   size_t MaxNewSize                               = 2512388096                                {product} {ergonomic}
   size_t MinHeapDeltaBytes                        = 1048576                                   {product} {ergonomic}
    uintx NonNMethodCodeHeapSize                   = 5835340                                {pd product} {ergonomic}
    uintx NonProfiledCodeHeapSize                  = 122911450                              {pd product} {ergonomic}
    uintx ProfiledCodeHeapSize                     = 122911450                              {pd product} {ergonomic}
    uintx ReservedCodeCacheSize                    = 251658240                              {pd product} {ergonomic}
     bool SegmentedCodeCache                       = true                                      {product} {ergonomic}
     bool UseCompressedClassPointers               = true                                 {lp64_product} {ergonomic}
     bool UseCompressedOops                        = true                                 {lp64_product} {ergonomic}
     bool UseG1GC                                  = true                                      {product} {ergonomic}

Logging:
Log output configuration:
 #0: stdout all=warning uptime,level,tags
 #1: stderr all=off uptime,level,tags

Environment Variables:
PATH=/home/simon/bin:/usr/local/sbin:/usr/local/bin:/usr/sbin:/usr/bin:/sbin:/bin:/usr/games:/usr/local/games:/snap/bin:/usr/local/go/bin
SHELL=/bin/bash
DISPLAY=:0

Signal Handlers:
SIGSEGV: [libjvm.so+0xe2b860], sa_mask[0]=11111111011111111101111111111110, sa_flags=SA_RESTART|SA_SIGINFO
SIGBUS: [libjvm.so+0xe2b860], sa_mask[0]=11111111011111111101111111111110, sa_flags=SA_RESTART|SA_SIGINFO
SIGFPE: [libjvm.so+0xe2b860], sa_mask[0]=11111111011111111101111111111110, sa_flags=SA_RESTART|SA_SIGINFO
SIGPIPE: [libjvm.so+0xbffef0], sa_mask[0]=11111111011111111101111111111110, sa_flags=SA_RESTART|SA_SIGINFO
SIGXFSZ: [libjvm.so+0xbffef0], sa_mask[0]=11111111011111111101111111111110, sa_flags=SA_RESTART|SA_SIGINFO
SIGILL: [libjvm.so+0xe2b860], sa_mask[0]=11111111011111111101111111111110, sa_flags=SA_RESTART|SA_SIGINFO
SIGUSR2: [libjvm.so+0xbffd90], sa_mask[0]=00100000000000000000000000000000, sa_flags=SA_RESTART|SA_SIGINFO
SIGHUP: [libjvm.so+0xc000f0], sa_mask[0]=11111111011111111101111111111110, sa_flags=SA_RESTART|SA_SIGINFO
SIGINT: [libjvm.so+0xc000f0], sa_mask[0]=11111111011111111101111111111110, sa_flags=SA_RESTART|SA_SIGINFO
SIGTERM: [libjvm.so+0xc000f0], sa_mask[0]=11111111011111111101111111111110, sa_flags=SA_RESTART|SA_SIGINFO
SIGQUIT: [libjvm.so+0xc000f0], sa_mask[0]=11111111011111111101111111111110, sa_flags=SA_RESTART|SA_SIGINFO


---------------  S Y S T E M  ---------------

OS:DISTRIB_ID=LinuxMint
DISTRIB_RELEASE=19.2
DISTRIB_CODENAME=tina
DISTRIB_DESCRIPTION="Linux Mint 19.2 Tina"
uname:Linux 4.15.0-54-generic #58-Ubuntu SMP Mon Jun 24 10:55:24 UTC 2019 x86_64
libc:glibc 2.27 NPTL 2.27 
rlimit: STACK 8192k, CORE 0k, NPROC 63651, NOFILE 1048576, AS infinity, DATA infinity, FSIZE infinity
load average:13,11 8,93 4,74

/proc/meminfo:
MemTotal:       16357932 kB
MemFree:          136892 kB
MemAvailable:     763988 kB
Buffers:           73496 kB
Cached:          1813504 kB
SwapCached:         4716 kB
Active:         12757084 kB
Inactive:        2141768 kB
Active(anon):   12329428 kB
Inactive(anon):  1761140 kB
Active(file):     427656 kB
Inactive(file):   380628 kB
Unevictable:         400 kB
Mlocked:             400 kB
SwapTotal:      20529148 kB
SwapFree:       20068684 kB
Dirty:              1984 kB
Writeback:             0 kB
AnonPages:      13009856 kB
Mapped:          1431976 kB
Shmem:           1088568 kB
Slab:             369356 kB
SReclaimable:     145108 kB
SUnreclaim:       224248 kB
KernelStack:       45248 kB
PageTables:       200640 kB
NFS_Unstable:          0 kB
Bounce:                0 kB
WritebackTmp:          0 kB
CommitLimit:    28708112 kB
Committed_AS:   44690956 kB
VmallocTotal:   34359738367 kB
VmallocUsed:           0 kB
VmallocChunk:          0 kB
HardwareCorrupted:     0 kB
AnonHugePages:         0 kB
ShmemHugePages:        0 kB
ShmemPmdMapped:        0 kB
CmaTotal:              0 kB
CmaFree:               0 kB
HugePages_Total:       0
HugePages_Free:        0
HugePages_Rsvd:        0
HugePages_Surp:        0
Hugepagesize:       2048 kB
DirectMap4k:     7418112 kB
DirectMap2M:     9291776 kB


/proc/sys/kernel/threads-max (system-wide limit on the number of threads):
127303


/proc/sys/vm/max_map_count (maximum number of memory map areas a process may have):
65530


/proc/sys/kernel/pid_max (system-wide limit on number of process identifiers):
32768



container (cgroup) information:
container_type: cgroupv1
cpu_cpuset_cpus: 0-7
cpu_memory_nodes: 0
active_processor_count: 8
cpu_quota: -1
cpu_period: 100000
cpu_shares: -1
memory_limit_in_bytes: -1
memory_and_swap_limit_in_bytes: -2
memory_soft_limit_in_bytes: -1
memory_usage_in_bytes: 14297841664
memory_max_usage_in_bytes: 14298222592


CPU:total 8 (initial active 8) (4 cores per cpu, 2 threads per core) family 6 model 30 stepping 5, cmov, cx8, fxsr, mmx, sse, sse2, sse3, ssse3, sse4.1, sse4.2, popcnt, ht, tsc, tscinvbit
CPU Model and flags from /proc/cpuinfo:
model name	: Intel(R) Core(TM) i7 CPU       Q 720  @ 1.60GHz
flags		: fpu vme de pse tsc msr pae mce cx8 apic sep mtrr pge mca cmov pat pse36 clflush dts acpi mmx fxsr sse sse2 ss ht tm pbe syscall nx rdtscp lm constant_tsc arch_perfmon pebs bts rep_good nopl xtopology nonstop_tsc cpuid aperfmperf pni dtes64 monitor ds_cpl vmx smx est tm2 ssse3 cx16 xtpr pdcm sse4_1 sse4_2 popcnt lahf_lm pti tpr_shadow vnmi flexpriority ept vpid dtherm ida

Memory: 4k page, physical 16357932k(136892k free), swap 20529148k(20068684k free)

vm_info: Java HotSpot(TM) 64-Bit Server VM (11.0.4+10-LTS) for linux-amd64 JRE (11.0.4+10-LTS), built on Jul  4 2019 15:26:10 by "mach5one" with gcc 7.3.0

END.
